Watching for file changes with StatReloader
"GET /aplicacao/edita_modelo/1/ HTTP/1.1" 200 18030
"GET /static/js/datatables_portugues.js HTTP/1.1" 304 0
"GET /static/images/copergas-sinc-sf.png HTTP/1.1" 304 0
"GET /static/css/styles.css HTTP/1.1" 304 0
"GET /static/favicon-32x32.png HTTP/1.1" 304 0
"GET /aplicacao/relatorio_proximas HTTP/1.1" 200 997502
"GET /static/css/styles.css HTTP/1.1" 304 0
"GET /static/images/copergas-sinc-sf.png HTTP/1.1" 304 0
"GET /static/js/datatables_portugues.js HTTP/1.1" 304 0
"GET /aplicacao/modelos HTTP/1.1" 200 10266
"GET /static/images/copergas-sinc-sf.png HTTP/1.1" 304 0
"GET /static/css/styles.css HTTP/1.1" 304 0
"GET /static/js/datatables_portugues.js HTTP/1.1" 304 0
"GET /aplicacao/exibe_modelo/1/ HTTP/1.1" 200 15240
"GET /static/css/styles.css HTTP/1.1" 304 0
"GET /static/images/copergas-sinc-sf.png HTTP/1.1" 304 0
"GET /static/js/datatables_portugues.js HTTP/1.1" 304 0
Not Found: /aplicacao/exibe_modelo/1/{{ CAMINHO2 }}
"GET /aplicacao/exibe_modelo/1/%7B%7B%20CAMINHO2%20%7D%7D HTTP/1.1" 404 5100
Not Found: /aplicacao/exibe_modelo/1/{{ CAMINHO1 }}
"GET /aplicacao/exibe_modelo/1/%7B%7B%20CAMINHO1%20%7D%7D HTTP/1.1" 404 5100
"GET /aplicacao/historico_logins HTTP/1.1" 200 63701
"GET /static/js/datatables_portugues.js HTTP/1.1" 304 0
"GET /static/images/copergas-sinc-sf.png HTTP/1.1" 304 0
"GET /static/css/styles.css HTTP/1.1" 304 0
Watching for file changes with StatReloader
Watching for file changes with StatReloader
Watching for file changes with StatReloader
"GET / HTTP/1.1" 200 5725
"GET /static/js/datatables_portugues.js HTTP/1.1" 200 867
"GET /static/css/styles.css HTTP/1.1" 200 7578
"GET /static/images/copergas-sinc-sf.png HTTP/1.1" 200 46814
"GET /static/images/fundo-coper.jpg HTTP/1.1" 200 791979
"GET /static/favicon-16x16.png HTTP/1.1" 200 720
"GET /static/apple-touch-icon.png HTTP/1.1" 200 14801
"POST / HTTP/1.1" 200 8986
"GET /aplicacao/modelos HTTP/1.1" 200 10925
"GET /aplicacao/inclui_modelo HTTP/1.1" 200 7817
"GET /aplicacao/logout HTTP/1.1" 302 0
"GET / HTTP/1.1" 200 5725
"POST / HTTP/1.1" 200 8327
"GET /aplicacao/modelos HTTP/1.1" 200 10266
"GET /aplicacao/inclui_modelo HTTP/1.1" 200 7817
"GET / HTTP/1.1" 200 8327
"GET /aplicacao/modelos HTTP/1.1" 200 10266
"GET /aplicacao/inclui_modelo HTTP/1.1" 200 7897
"POST /aplicacao/inclui_modelo HTTP/1.1" 200 6670
"GET /aplicacao/modelos HTTP/1.1" 200 10266
Watching for file changes with StatReloader
"GET / HTTP/1.1" 200 5066
"GET /static/css/styles.css HTTP/1.1" 200 7949
"GET /static/js/datatables_portugues.js HTTP/1.1" 200 867
"GET /static/images/copergas-sinc-sf.png HTTP/1.1" 200 46814
"GET /static/images/fundo-coper.jpg HTTP/1.1" 200 791979
"GET /static/apple-touch-icon.png HTTP/1.1" 200 14801
"GET /static/favicon-32x32.png HTTP/1.1" 200 1391
"POST / HTTP/1.1" 200 8327
"GET /aplicacao/modelos HTTP/1.1" 200 10266
"GET /static/css/styles.css HTTP/1.1" 304 0
"GET /aplicacao/inclui_modelo HTTP/1.1" 200 8046
"GET /aplicacao/inclui_modelo HTTP/1.1" 200 8046
"GET /static/css/styles.css HTTP/1.1" 200 7912
"GET /aplicacao/inclui_modelo HTTP/1.1" 200 7932
"GET /static/css/styles.css HTTP/1.1" 304 0
"GET /aplicacao/inclui_modelo HTTP/1.1" 200 7925
"GET /static/css/styles.css HTTP/1.1" 304 0
"GET /aplicacao/inclui_modelo HTTP/1.1" 200 7921
"GET /static/css/styles.css HTTP/1.1" 304 0
"GET / HTTP/1.1" 200 5066
"GET /static/css/styles.css HTTP/1.1" 200 7912
"GET /static/js/datatables_portugues.js HTTP/1.1" 200 867
"GET /static/images/copergas-sinc-sf.png HTTP/1.1" 200 46814
"GET /static/images/fundo-coper.jpg HTTP/1.1" 200 791979
"GET /static/favicon-32x32.png HTTP/1.1" 200 1391
"GET /static/apple-touch-icon.png HTTP/1.1" 200 14801
"POST / HTTP/1.1" 200 8327
"GET /aplicacao/modelos HTTP/1.1" 200 10266
"GET /aplicacao/inclui_modelo HTTP/1.1" 200 7921
Watching for file changes with StatReloader
"GET / HTTP/1.1" 200 5066
"GET /static/js/datatables_portugues.js HTTP/1.1" 200 867
"GET /static/css/styles.css HTTP/1.1" 200 7912
"GET /static/images/copergas-sinc-sf.png HTTP/1.1" 200 46814
"GET /static/images/fundo-coper.jpg HTTP/1.1" 200 791979
"GET /static/favicon-16x16.png HTTP/1.1" 200 720
"GET /static/apple-touch-icon.png HTTP/1.1" 200 14801
"POST / HTTP/1.1" 200 8327
"GET /aplicacao/relatorio_proximas HTTP/1.1" 200 998162
"GET /aplicacao/logout HTTP/1.1" 302 0
"GET / HTTP/1.1" 200 5066
"GET / HTTP/1.1" 200 5066
"GET /static/css/styles.css HTTP/1.1" 304 0
"POST / HTTP/1.1" 200 8327
"GET /aplicacao/modelos HTTP/1.1" 200 10266
"GET /aplicacao/edita_modelo/2/ HTTP/1.1" 200 19442
Internal Server Error: /aplicacao/edita_modelo/2/
Traceback (most recent call last):
  File "C:\Python312\Lib\site-packages\django\core\handlers\exception.py", line 55, in inner
    response = get_response(request)
               ^^^^^^^^^^^^^^^^^^^^^
  File "C:\Python312\Lib\site-packages\django\core\handlers\base.py", line 197, in _get_response
    response = wrapped_callback(request, *callback_args, **callback_kwargs)
               ^^^^^^^^^^^^^^^^^^^^^^^^^^^^^^^^^^^^^^^^^^^^^^^^^^^^^^^^^^^^
  File "C:\Python312\Lib\site-packages\django\contrib\auth\decorators.py", line 23, in _wrapper_view
    return view_func(request, *args, **kwargs)
           ^^^^^^^^^^^^^^^^^^^^^^^^^^^^^^^^^^^
  File "C:\Users\igor.oliveira\Desktop\novoSinc\aplicacao\views.py", line 83, in edita_modelo
    return render(request, 'pages/modelos.html',context)
                                                ^^^^^^^
NameError: name 'context' is not defined
"POST /aplicacao/edita_modelo/2/ HTTP/1.1" 500 95083
Not Found: /favicon.ico
"GET /favicon.ico HTTP/1.1" 404 5004
C:\Users\igor.oliveira\Desktop\novoSinc\aplicacao\views.py changed, reloading.
Watching for file changes with StatReloader
"GET /aplicacao/edita_modelo/2/ HTTP/1.1" 200 20270
"POST /aplicacao/edita_modelo/2/ HTTP/1.1" 200 6670
"GET /aplicacao/modelos HTTP/1.1" 200 10266
"GET /aplicacao/exibe_modelo/2/ HTTP/1.1" 200 16890
"GET /aplicacao/modelos HTTP/1.1" 200 10266
"GET /aplicacao/edita_modelo/1/ HTTP/1.1" 200 18178
"POST /aplicacao/edita_modelo/1/ HTTP/1.1" 200 6670
"GET /aplicacao/modelos HTTP/1.1" 200 10266
"GET /aplicacao/edita_modelo/2/ HTTP/1.1" 200 20270
"POST /aplicacao/edita_modelo/2/ HTTP/1.1" 200 6670
"GET /aplicacao/modelos HTTP/1.1" 200 10266
"GET /aplicacao/ HTTP/1.1" 200 8535
"GET /aplicacao/teste_envio_vencidas HTTP/1.1" 200 8547
"GET /aplicacao/relatorio_vencidas HTTP/1.1" 200 8636
"GET /aplicacao/modelos HTTP/1.1" 200 10266
"GET /aplicacao/edita_modelo/1/ HTTP/1.1" 200 18973
"POST /aplicacao/edita_modelo/1/ HTTP/1.1" 200 6670
"GET /aplicacao/modelos HTTP/1.1" 200 10266
"GET /aplicacao/edita_modelo/1/ HTTP/1.1" 200 18955
"GET /aplicacao/modelos HTTP/1.1" 200 10266
"GET /aplicacao/edita_modelo/2/ HTTP/1.1" 200 20256
"POST /aplicacao/edita_modelo/2/ HTTP/1.1" 200 6670
"GET /aplicacao/ HTTP/1.1" 200 8535
"GET /aplicacao/teste_envio_vencidas HTTP/1.1" 200 8547
"GET /aplicacao/relatorio_vencidas HTTP/1.1" 200 8952
"GET /aplicacao/relatorio_proximas HTTP/1.1" 200 998162
"GET /aplicacao/ HTTP/1.1" 200 8535
"GET /aplicacao/ HTTP/1.1" 200 7680
"GET /static/favicon-32x32.png HTTP/1.1" 200 1391
"GET /aplicacao/ HTTP/1.1" 200 7680
"GET /aplicacao/ HTTP/1.1" 200 7680
"GET /static/css/styles.css HTTP/1.1" 200 7956
"GET /static/images/copergas-sinc-sf.png HTTP/1.1" 304 0
"GET /static/js/datatables_portugues.js HTTP/1.1" 304 0
"GET /static/favicon-32x32.png HTTP/1.1" 304 0
"GET /aplicacao/ HTTP/1.1" 200 7680
"GET /static/js/datatables_portugues.js HTTP/1.1" 304 0
"GET /static/images/copergas-sinc-sf.png HTTP/1.1" 304 0
"GET /static/css/styles.css HTTP/1.1" 200 7917
"GET /static/favicon-32x32.png HTTP/1.1" 304 0
"GET /aplicacao/ HTTP/1.1" 200 7680
"GET /static/images/copergas-sinc-sf.png HTTP/1.1" 304 0
"GET /static/js/datatables_portugues.js HTTP/1.1" 304 0
"GET /static/css/styles.css HTTP/1.1" 200 7956
"GET /static/favicon-32x32.png HTTP/1.1" 304 0
"GET /aplicacao/ HTTP/1.1" 200 7708
"GET /static/js/datatables_portugues.js HTTP/1.1" 304 0
"GET /static/css/styles.css HTTP/1.1" 304 0
"GET /static/images/copergas-sinc-sf.png HTTP/1.1" 304 0
"GET /static/favicon-32x32.png HTTP/1.1" 304 0
"GET /aplicacao/ HTTP/1.1" 200 7736
"GET /static/images/copergas-sinc-sf.png HTTP/1.1" 304 0
"GET /static/css/styles.css HTTP/1.1" 304 0
"GET /static/js/datatables_portugues.js HTTP/1.1" 304 0
"GET /static/favicon-32x32.png HTTP/1.1" 304 0
"GET /aplicacao/logout HTTP/1.1" 302 0
Not Found: /accounts/login/
"GET /accounts/login/?next=/aplicacao/logout HTTP/1.1" 404 5039
Not Found: /favicon.ico
"GET /favicon.ico HTTP/1.1" 404 5004
Not Found: /login/
"GET /login/?next=/aplicacao/logout HTTP/1.1" 404 5012
"GET /aplicacao/logout HTTP/1.1" 302 0
"GET / HTTP/1.1" 200 5066
"POST / HTTP/1.1" 200 8327
"GET /aplicacao/logout HTTP/1.1" 302 0
"GET / HTTP/1.1" 200 5066
Internal Server Error: /aplicacao/
Traceback (most recent call last):
  File "C:\Python312\Lib\site-packages\django\template\base.py", line 505, in parse
    compile_func = self.tags[command]
                   ~~~~~~~~~^^^^^^^^^
KeyError: 'static'

During handling of the above exception, another exception occurred:

Traceback (most recent call last):
  File "C:\Python312\Lib\site-packages\django\core\handlers\exception.py", line 55, in inner
    response = get_response(request)
               ^^^^^^^^^^^^^^^^^^^^^
  File "C:\Python312\Lib\site-packages\django\core\handlers\base.py", line 197, in _get_response
    response = wrapped_callback(request, *callback_args, **callback_kwargs)
               ^^^^^^^^^^^^^^^^^^^^^^^^^^^^^^^^^^^^^^^^^^^^^^^^^^^^^^^^^^^^
  File "C:\Users\igor.oliveira\Desktop\novoSinc\aplicacao\views.py", line 59, in home
    return render(request, 'pages/home.html', context)
           ^^^^^^^^^^^^^^^^^^^^^^^^^^^^^^^^^^^^^^^^^^^
  File "C:\Python312\Lib\site-packages\django\shortcuts.py", line 24, in render
    content = loader.render_to_string(template_name, context, request, using=using)
              ^^^^^^^^^^^^^^^^^^^^^^^^^^^^^^^^^^^^^^^^^^^^^^^^^^^^^^^^^^^^^^^^^^^^^
  File "C:\Python312\Lib\site-packages\django\template\loader.py", line 62, in render_to_string
    return template.render(context, request)
           ^^^^^^^^^^^^^^^^^^^^^^^^^^^^^^^^^
  File "C:\Python312\Lib\site-packages\django\template\backends\django.py", line 61, in render
    return self.template.render(context)
           ^^^^^^^^^^^^^^^^^^^^^^^^^^^^^
  File "C:\Python312\Lib\site-packages\django\template\base.py", line 175, in render
    return self._render(context)
           ^^^^^^^^^^^^^^^^^^^^^
  File "C:\Python312\Lib\site-packages\django\template\base.py", line 167, in _render
    return self.nodelist.render(context)
           ^^^^^^^^^^^^^^^^^^^^^^^^^^^^^
  File "C:\Python312\Lib\site-packages\django\template\base.py", line 1005, in render
    return SafeString("".join([node.render_annotated(context) for node in self]))
                               ^^^^^^^^^^^^^^^^^^^^^^^^^^^^^^
  File "C:\Python312\Lib\site-packages\django\template\base.py", line 966, in render_annotated
    return self.render(context)
           ^^^^^^^^^^^^^^^^^^^^
  File "C:\Python312\Lib\site-packages\django\template\loader_tags.py", line 132, in render
    compiled_parent = self.get_parent(context)
                      ^^^^^^^^^^^^^^^^^^^^^^^^
  File "C:\Python312\Lib\site-packages\django\template\loader_tags.py", line 129, in get_parent
    return self.find_template(parent, context)
           ^^^^^^^^^^^^^^^^^^^^^^^^^^^^^^^^^^^
  File "C:\Python312\Lib\site-packages\django\template\loader_tags.py", line 107, in find_template
    template, origin = context.template.engine.find_template(
                       ^^^^^^^^^^^^^^^^^^^^^^^^^^^^^^^^^^^^^^
  File "C:\Python312\Lib\site-packages\django\template\engine.py", line 157, in find_template
    template = loader.get_template(name, skip=skip)
               ^^^^^^^^^^^^^^^^^^^^^^^^^^^^^^^^^^^^
  File "C:\Python312\Lib\site-packages\django\template\loaders\cached.py", line 57, in get_template
    template = super().get_template(template_name, skip)
               ^^^^^^^^^^^^^^^^^^^^^^^^^^^^^^^^^^^^^^^^^
  File "C:\Python312\Lib\site-packages\django\template\loaders\base.py", line 28, in get_template
    return Template(
           ^^^^^^^^^
  File "C:\Python312\Lib\site-packages\django\template\base.py", line 154, in __init__
    self.nodelist = self.compile_nodelist()
                    ^^^^^^^^^^^^^^^^^^^^^^^
  File "C:\Python312\Lib\site-packages\django\template\base.py", line 200, in compile_nodelist
    return parser.parse()
           ^^^^^^^^^^^^^^
  File "C:\Python312\Lib\site-packages\django\template\base.py", line 507, in parse
    self.invalid_block_tag(token, command, parse_until)
  File "C:\Python312\Lib\site-packages\django\template\base.py", line 568, in invalid_block_tag
    raise self.error(
django.template.exceptions.TemplateSyntaxError: Invalid block tag on line 2: 'static'. Did you forget to register or load this tag?
"GET /aplicacao/ HTTP/1.1" 500 163976
"GET /aplicacao/ HTTP/1.1" 200 7943
"GET /static/js/datatables_portugues.js HTTP/1.1" 304 0
"GET /static/css/styles.css HTTP/1.1" 304 0
"GET /static/images/copergas-sinc-sf.png HTTP/1.1" 304 0
"GET /static/images/fundo-coper.jpg HTTP/1.1" 304 0
"GET /static/favicon-32x32.png HTTP/1.1" 304 0
"GET /aplicacao/modelos HTTP/1.1" 200 10473
"GET /static/js/datatables_portugues.js HTTP/1.1" 304 0
"GET /static/images/copergas-sinc-sf.png HTTP/1.1" 304 0
"GET /static/images/fundo-coper.jpg HTTP/1.1" 304 0
"GET /aplicacao/modelos HTTP/1.1" 200 10266
"GET /static/js/datatables_portugues.js HTTP/1.1" 304 0
"GET /static/css/styles.css HTTP/1.1" 304 0
"GET /static/images/copergas-sinc-sf.png HTTP/1.1" 304 0
"GET /static/favicon-32x32.png HTTP/1.1" 304 0
"GET /aplicacao/ HTTP/1.1" 200 7736
"GET /static/js/datatables_portugues.js HTTP/1.1" 304 0
"GET /static/images/copergas-sinc-sf.png HTTP/1.1" 304 0
"POST / HTTP/1.1" 200 8327
"GET /aplicacao/modelos HTTP/1.1" 200 10266
"GET /aplicacao/edita_modelo/2/ HTTP/1.1" 200 20234
"POST /aplicacao/edita_modelo/2/ HTTP/1.1" 200 6670
"GET /aplicacao/modelos HTTP/1.1" 200 10266
"GET /aplicacao/ HTTP/1.1" 200 7736
"GET /aplicacao/ HTTP/1.1" 200 7736
"GET /aplicacao/ HTTP/1.1" 200 7736
"GET /static/css/styles.css HTTP/1.1" 304 0
"GET /static/images/copergas-sinc-sf.png HTTP/1.1" 304 0
"GET /static/js/datatables_portugues.js HTTP/1.1" 304 0
"GET /static/favicon-32x32.png HTTP/1.1" 304 0
"GET /aplicacao/relatorio_proximas HTTP/1.1" 302 0
Not Found: /accounts/login/
"GET /accounts/login/?next=/aplicacao/relatorio_proximas HTTP/1.1" 404 5051
"GET /aplicacao/relatorio_proximas HTTP/1.1" 200 998162
Watching for file changes with StatReloader
"GET / HTTP/1.1" 200 5066
"GET /static/js/datatables_portugues.js HTTP/1.1" 200 867
"GET /static/css/styles.css HTTP/1.1" 200 7771
"GET /static/images/copergas-sinc-sf.png HTTP/1.1" 200 46814
"GET /static/images/fundo-coper.jpg HTTP/1.1" 200 791979
"GET /static/favicon-32x32.png HTTP/1.1" 200 1391
"GET /static/apple-touch-icon.png HTTP/1.1" 200 14801
"POST / HTTP/1.1" 200 8327
"GET / HTTP/1.1" 200 8317
"GET /static/css/styles.css HTTP/1.1" 304 0
"GET / HTTP/1.1" 200 8327
Internal Server Error: /
Traceback (most recent call last):
  File "C:\Python312\Lib\site-packages\django\utils\datastructures.py", line 84, in __getitem__
    list_ = super().__getitem__(key)
            ^^^^^^^^^^^^^^^^^^^^^^^^
KeyError: 'login'

During handling of the above exception, another exception occurred:

Traceback (most recent call last):
  File "C:\Python312\Lib\site-packages\django\core\handlers\exception.py", line 55, in inner
    response = get_response(request)
               ^^^^^^^^^^^^^^^^^^^^^
  File "C:\Python312\Lib\site-packages\django\core\handlers\base.py", line 197, in _get_response
    response = wrapped_callback(request, *callback_args, **callback_kwargs)
               ^^^^^^^^^^^^^^^^^^^^^^^^^^^^^^^^^^^^^^^^^^^^^^^^^^^^^^^^^^^^
  File "C:\Users\igor.oliveira\Desktop\novoSinc\aplicacao\views.py", line 128, in login_view
    username = request.POST['login']
               ~~~~~~~~~~~~^^^^^^^^^
  File "C:\Python312\Lib\site-packages\django\utils\datastructures.py", line 86, in __getitem__
    raise MultiValueDictKeyError(key)
django.utils.datastructures.MultiValueDictKeyError: 'login'
"POST / HTTP/1.1" 500 80104
Not Found: /favicon.ico
"GET /favicon.ico HTTP/1.1" 404 5004
"GET / HTTP/1.1" 200 8327
"GET /static/css/styles.css HTTP/1.1" 304 0
Internal Server Error: /
Traceback (most recent call last):
  File "C:\Python312\Lib\site-packages\django\utils\datastructures.py", line 84, in __getitem__
    list_ = super().__getitem__(key)
            ^^^^^^^^^^^^^^^^^^^^^^^^
KeyError: 'login'

During handling of the above exception, another exception occurred:

Traceback (most recent call last):
  File "C:\Python312\Lib\site-packages\django\core\handlers\exception.py", line 55, in inner
    response = get_response(request)
               ^^^^^^^^^^^^^^^^^^^^^
  File "C:\Python312\Lib\site-packages\django\core\handlers\base.py", line 197, in _get_response
    response = wrapped_callback(request, *callback_args, **callback_kwargs)
               ^^^^^^^^^^^^^^^^^^^^^^^^^^^^^^^^^^^^^^^^^^^^^^^^^^^^^^^^^^^^
  File "C:\Users\igor.oliveira\Desktop\novoSinc\aplicacao\views.py", line 128, in login_view
    username = request.POST['login']
               ~~~~~~~~~~~~^^^^^^^^^
  File "C:\Python312\Lib\site-packages\django\utils\datastructures.py", line 86, in __getitem__
    raise MultiValueDictKeyError(key)
django.utils.datastructures.MultiValueDictKeyError: 'login'
"POST / HTTP/1.1" 500 80103
"GET / HTTP/1.1" 200 8327
Internal Server Error: /
Traceback (most recent call last):
  File "C:\Python312\Lib\site-packages\django\utils\datastructures.py", line 84, in __getitem__
    list_ = super().__getitem__(key)
            ^^^^^^^^^^^^^^^^^^^^^^^^
KeyError: 'login'

During handling of the above exception, another exception occurred:

Traceback (most recent call last):
  File "C:\Python312\Lib\site-packages\django\core\handlers\exception.py", line 55, in inner
    response = get_response(request)
               ^^^^^^^^^^^^^^^^^^^^^
  File "C:\Python312\Lib\site-packages\django\core\handlers\base.py", line 197, in _get_response
    response = wrapped_callback(request, *callback_args, **callback_kwargs)
               ^^^^^^^^^^^^^^^^^^^^^^^^^^^^^^^^^^^^^^^^^^^^^^^^^^^^^^^^^^^^
  File "C:\Users\igor.oliveira\Desktop\novoSinc\aplicacao\views.py", line 128, in login_view
    username = request.POST['login']
               ~~~~~~~~~~~~^^^^^^^^^
  File "C:\Python312\Lib\site-packages\django\utils\datastructures.py", line 86, in __getitem__
    raise MultiValueDictKeyError(key)
django.utils.datastructures.MultiValueDictKeyError: 'login'
"POST / HTTP/1.1" 500 80164
"GET / HTTP/1.1" 200 8327
"GET /aplicacao/modelos HTTP/1.1" 200 10266
"GET /static/css/styles.css HTTP/1.1" 304 0
"GET /aplicacao/exibe_modelo/1/ HTTP/1.1" 200 15912
Not Found: /aplicacao/exibe_modelo/1/{{ CAMINHO1 }}
"GET /aplicacao/exibe_modelo/1/%7B%7B%20CAMINHO1%20%7D%7D HTTP/1.1" 404 5100
Not Found: /aplicacao/exibe_modelo/1/{{ CAMINHO2 }}
"GET /aplicacao/exibe_modelo/1/%7B%7B%20CAMINHO2%20%7D%7D HTTP/1.1" 404 5100
"GET /aplicacao/exibe_modelo/1/ HTTP/1.1" 200 15850
"GET /static/css/styles.css HTTP/1.1" 304 0
Not Found: /aplicacao/exibe_modelo/1/{{ CAMINHO1 }}
"GET /aplicacao/exibe_modelo/1/%7B%7B%20CAMINHO1%20%7D%7D HTTP/1.1" 404 5100
Not Found: /aplicacao/exibe_modelo/1/{{ CAMINHO2 }}
"GET /aplicacao/exibe_modelo/1/%7B%7B%20CAMINHO2%20%7D%7D HTTP/1.1" 404 5100
"GET /aplicacao/modelos HTTP/1.1" 200 10266
"GET /aplicacao/edita_modelo/1/ HTTP/1.1" 200 19614
"GET /aplicacao/modelos HTTP/1.1" 200 10266
"GET /aplicacao/inclui_modelo HTTP/1.1" 200 7921
"GET /aplicacao/inclui_modelo HTTP/1.1" 200 7922
"GET /static/css/styles.css HTTP/1.1" 304 0
"GET /aplicacao/inclui_modelo HTTP/1.1" 200 7919
"GET /aplicacao/inclui_modelo HTTP/1.1" 200 7921
"GET /aplicacao/relatorio_proximas HTTP/1.1" 200 998162
"GET /static/css/styles.css HTTP/1.1" 304 0
"GET /aplicacao/inclui_modelo HTTP/1.1" 200 7921
"GET /aplicacao/relatorio_proximas HTTP/1.1" 200 998162
"GET /aplicacao/relatorio_vencidas HTTP/1.1" 200 8952
"GET /aplicacao/inclui_modelo HTTP/1.1" 200 7922
"GET /static/css/styles.css HTTP/1.1" 200 7878
"GET /aplicacao/inclui_modelo HTTP/1.1" 200 7922
"GET /static/css/styles.css HTTP/1.1" 200 7878
"GET /aplicacao/inclui_modelo HTTP/1.1" 200 7971
"GET /static/css/styles.css HTTP/1.1" 304 0
"GET /aplicacao/inclui_modelo HTTP/1.1" 200 7971
"GET /static/css/styles.css HTTP/1.1" 200 7915
"GET /aplicacao/inclui_modelo HTTP/1.1" 200 7971
"GET /static/css/styles.css HTTP/1.1" 200 7916
"GET /aplicacao/inclui_modelo HTTP/1.1" 200 7971
"GET /static/css/styles.css HTTP/1.1" 200 7897
"GET /aplicacao/inclui_modelo HTTP/1.1" 200 7942
"GET /static/css/styles.css HTTP/1.1" 304 0
"GET /aplicacao/inclui_modelo HTTP/1.1" 200 7942
"GET /static/css/styles.css HTTP/1.1" 200 7898
"GET /aplicacao/inclui_modelo HTTP/1.1" 200 7942
"GET /static/css/styles.css HTTP/1.1" 200 7897
"GET /aplicacao/inclui_modelo HTTP/1.1" 200 7925
"GET /static/css/styles.css HTTP/1.1" 304 0
"GET /aplicacao/inclui_modelo HTTP/1.1" 200 7998
"GET /static/css/styles.css HTTP/1.1" 304 0
"GET /aplicacao/inclui_modelo HTTP/1.1" 200 8027
"GET /static/css/styles.css HTTP/1.1" 304 0
"GET /aplicacao/inclui_modelo HTTP/1.1" 200 8026
"GET /static/css/styles.css HTTP/1.1" 304 0
