Watching for file changes with StatReloader
"GET /aplicacao/edita_modelo/1/ HTTP/1.1" 200 18030
"GET /static/js/datatables_portugues.js HTTP/1.1" 304 0
"GET /static/images/copergas-sinc-sf.png HTTP/1.1" 304 0
"GET /static/css/styles.css HTTP/1.1" 304 0
"GET /static/favicon-32x32.png HTTP/1.1" 304 0
"GET /aplicacao/relatorio_proximas HTTP/1.1" 200 997502
"GET /static/css/styles.css HTTP/1.1" 304 0
"GET /static/images/copergas-sinc-sf.png HTTP/1.1" 304 0
"GET /static/js/datatables_portugues.js HTTP/1.1" 304 0
"GET /aplicacao/modelos HTTP/1.1" 200 10266
"GET /static/images/copergas-sinc-sf.png HTTP/1.1" 304 0
"GET /static/css/styles.css HTTP/1.1" 304 0
"GET /static/js/datatables_portugues.js HTTP/1.1" 304 0
"GET /aplicacao/exibe_modelo/1/ HTTP/1.1" 200 15240
"GET /static/css/styles.css HTTP/1.1" 304 0
"GET /static/images/copergas-sinc-sf.png HTTP/1.1" 304 0
"GET /static/js/datatables_portugues.js HTTP/1.1" 304 0
Not Found: /aplicacao/exibe_modelo/1/{{ CAMINHO2 }}
"GET /aplicacao/exibe_modelo/1/%7B%7B%20CAMINHO2%20%7D%7D HTTP/1.1" 404 5100
Not Found: /aplicacao/exibe_modelo/1/{{ CAMINHO1 }}
"GET /aplicacao/exibe_modelo/1/%7B%7B%20CAMINHO1%20%7D%7D HTTP/1.1" 404 5100
"GET /aplicacao/historico_logins HTTP/1.1" 200 63701
"GET /static/js/datatables_portugues.js HTTP/1.1" 304 0
"GET /static/images/copergas-sinc-sf.png HTTP/1.1" 304 0
"GET /static/css/styles.css HTTP/1.1" 304 0
Watching for file changes with StatReloader
Watching for file changes with StatReloader
Watching for file changes with StatReloader
"GET / HTTP/1.1" 200 5725
"GET /static/js/datatables_portugues.js HTTP/1.1" 200 867
"GET /static/css/styles.css HTTP/1.1" 200 7578
"GET /static/images/copergas-sinc-sf.png HTTP/1.1" 200 46814
"GET /static/images/fundo-coper.jpg HTTP/1.1" 200 791979
"GET /static/favicon-16x16.png HTTP/1.1" 200 720
"GET /static/apple-touch-icon.png HTTP/1.1" 200 14801
"POST / HTTP/1.1" 200 8986
"GET /aplicacao/modelos HTTP/1.1" 200 10925
"GET /aplicacao/inclui_modelo HTTP/1.1" 200 7817
"GET /aplicacao/logout HTTP/1.1" 302 0
"GET / HTTP/1.1" 200 5725
"POST / HTTP/1.1" 200 8327
"GET /aplicacao/modelos HTTP/1.1" 200 10266
"GET /aplicacao/inclui_modelo HTTP/1.1" 200 7817
"GET / HTTP/1.1" 200 8327
"GET /aplicacao/modelos HTTP/1.1" 200 10266
"GET /aplicacao/inclui_modelo HTTP/1.1" 200 7897
"POST /aplicacao/inclui_modelo HTTP/1.1" 200 6670
"GET /aplicacao/modelos HTTP/1.1" 200 10266
Watching for file changes with StatReloader
"GET / HTTP/1.1" 200 5066
"GET /static/css/styles.css HTTP/1.1" 200 7949
"GET /static/js/datatables_portugues.js HTTP/1.1" 200 867
"GET /static/images/copergas-sinc-sf.png HTTP/1.1" 200 46814
"GET /static/images/fundo-coper.jpg HTTP/1.1" 200 791979
"GET /static/apple-touch-icon.png HTTP/1.1" 200 14801
"GET /static/favicon-32x32.png HTTP/1.1" 200 1391
"POST / HTTP/1.1" 200 8327
"GET /aplicacao/modelos HTTP/1.1" 200 10266
"GET /static/css/styles.css HTTP/1.1" 304 0
"GET /aplicacao/inclui_modelo HTTP/1.1" 200 8046
"GET /aplicacao/inclui_modelo HTTP/1.1" 200 8046
"GET /static/css/styles.css HTTP/1.1" 200 7912
"GET /aplicacao/inclui_modelo HTTP/1.1" 200 7932
"GET /static/css/styles.css HTTP/1.1" 304 0
"GET /aplicacao/inclui_modelo HTTP/1.1" 200 7925
"GET /static/css/styles.css HTTP/1.1" 304 0
"GET /aplicacao/inclui_modelo HTTP/1.1" 200 7921
"GET /static/css/styles.css HTTP/1.1" 304 0
"GET / HTTP/1.1" 200 5066
"GET /static/css/styles.css HTTP/1.1" 200 7912
"GET /static/js/datatables_portugues.js HTTP/1.1" 200 867
"GET /static/images/copergas-sinc-sf.png HTTP/1.1" 200 46814
"GET /static/images/fundo-coper.jpg HTTP/1.1" 200 791979
"GET /static/favicon-32x32.png HTTP/1.1" 200 1391
"GET /static/apple-touch-icon.png HTTP/1.1" 200 14801
"POST / HTTP/1.1" 200 8327
"GET /aplicacao/modelos HTTP/1.1" 200 10266
"GET /aplicacao/inclui_modelo HTTP/1.1" 200 7921
Watching for file changes with StatReloader
"GET / HTTP/1.1" 200 5066
"GET /static/js/datatables_portugues.js HTTP/1.1" 200 867
"GET /static/css/styles.css HTTP/1.1" 200 7912
"GET /static/images/copergas-sinc-sf.png HTTP/1.1" 200 46814
"GET /static/images/fundo-coper.jpg HTTP/1.1" 200 791979
"GET /static/favicon-16x16.png HTTP/1.1" 200 720
"GET /static/apple-touch-icon.png HTTP/1.1" 200 14801
"POST / HTTP/1.1" 200 8327
"GET /aplicacao/relatorio_proximas HTTP/1.1" 200 998162
"GET /aplicacao/logout HTTP/1.1" 302 0
"GET / HTTP/1.1" 200 5066
"GET / HTTP/1.1" 200 5066
"GET /static/css/styles.css HTTP/1.1" 304 0
"POST / HTTP/1.1" 200 8327
"GET /aplicacao/modelos HTTP/1.1" 200 10266
"GET /aplicacao/edita_modelo/2/ HTTP/1.1" 200 19442
Internal Server Error: /aplicacao/edita_modelo/2/
Traceback (most recent call last):
  File "C:\Python312\Lib\site-packages\django\core\handlers\exception.py", line 55, in inner
    response = get_response(request)
               ^^^^^^^^^^^^^^^^^^^^^
  File "C:\Python312\Lib\site-packages\django\core\handlers\base.py", line 197, in _get_response
    response = wrapped_callback(request, *callback_args, **callback_kwargs)
               ^^^^^^^^^^^^^^^^^^^^^^^^^^^^^^^^^^^^^^^^^^^^^^^^^^^^^^^^^^^^
  File "C:\Python312\Lib\site-packages\django\contrib\auth\decorators.py", line 23, in _wrapper_view
    return view_func(request, *args, **kwargs)
           ^^^^^^^^^^^^^^^^^^^^^^^^^^^^^^^^^^^
  File "C:\Users\igor.oliveira\Desktop\novoSinc\aplicacao\views.py", line 83, in edita_modelo
    return render(request, 'pages/modelos.html',context)
                                                ^^^^^^^
NameError: name 'context' is not defined
"POST /aplicacao/edita_modelo/2/ HTTP/1.1" 500 95083
Not Found: /favicon.ico
"GET /favicon.ico HTTP/1.1" 404 5004
C:\Users\igor.oliveira\Desktop\novoSinc\aplicacao\views.py changed, reloading.
Watching for file changes with StatReloader
"GET /aplicacao/edita_modelo/2/ HTTP/1.1" 200 20270
"POST /aplicacao/edita_modelo/2/ HTTP/1.1" 200 6670
"GET /aplicacao/modelos HTTP/1.1" 200 10266
"GET /aplicacao/exibe_modelo/2/ HTTP/1.1" 200 16890
"GET /aplicacao/modelos HTTP/1.1" 200 10266
"GET /aplicacao/edita_modelo/1/ HTTP/1.1" 200 18178
"POST /aplicacao/edita_modelo/1/ HTTP/1.1" 200 6670
"GET /aplicacao/modelos HTTP/1.1" 200 10266
"GET /aplicacao/edita_modelo/2/ HTTP/1.1" 200 20270
"POST /aplicacao/edita_modelo/2/ HTTP/1.1" 200 6670
"GET /aplicacao/modelos HTTP/1.1" 200 10266
"GET /aplicacao/ HTTP/1.1" 200 8535
"GET /aplicacao/teste_envio_vencidas HTTP/1.1" 200 8547
"GET /aplicacao/relatorio_vencidas HTTP/1.1" 200 8636
"GET /aplicacao/modelos HTTP/1.1" 200 10266
"GET /aplicacao/edita_modelo/1/ HTTP/1.1" 200 18973
"POST /aplicacao/edita_modelo/1/ HTTP/1.1" 200 6670
"GET /aplicacao/modelos HTTP/1.1" 200 10266
"GET /aplicacao/edita_modelo/1/ HTTP/1.1" 200 18955
"GET /aplicacao/modelos HTTP/1.1" 200 10266
"GET /aplicacao/edita_modelo/2/ HTTP/1.1" 200 20256
"POST /aplicacao/edita_modelo/2/ HTTP/1.1" 200 6670
"GET /aplicacao/ HTTP/1.1" 200 8535
"GET /aplicacao/teste_envio_vencidas HTTP/1.1" 200 8547
"GET /aplicacao/relatorio_vencidas HTTP/1.1" 200 8952
"GET /aplicacao/relatorio_proximas HTTP/1.1" 200 998162
"GET /aplicacao/ HTTP/1.1" 200 8535
"GET /aplicacao/ HTTP/1.1" 200 7680
"GET /static/favicon-32x32.png HTTP/1.1" 200 1391
"GET /aplicacao/ HTTP/1.1" 200 7680
"GET /aplicacao/ HTTP/1.1" 200 7680
"GET /static/css/styles.css HTTP/1.1" 200 7956
"GET /static/images/copergas-sinc-sf.png HTTP/1.1" 304 0
"GET /static/js/datatables_portugues.js HTTP/1.1" 304 0
"GET /static/favicon-32x32.png HTTP/1.1" 304 0
"GET /aplicacao/ HTTP/1.1" 200 7680
"GET /static/js/datatables_portugues.js HTTP/1.1" 304 0
"GET /static/images/copergas-sinc-sf.png HTTP/1.1" 304 0
"GET /static/css/styles.css HTTP/1.1" 200 7917
"GET /static/favicon-32x32.png HTTP/1.1" 304 0
"GET /aplicacao/ HTTP/1.1" 200 7680
"GET /static/images/copergas-sinc-sf.png HTTP/1.1" 304 0
"GET /static/js/datatables_portugues.js HTTP/1.1" 304 0
"GET /static/css/styles.css HTTP/1.1" 200 7956
"GET /static/favicon-32x32.png HTTP/1.1" 304 0
"GET /aplicacao/ HTTP/1.1" 200 7708
"GET /static/js/datatables_portugues.js HTTP/1.1" 304 0
"GET /static/css/styles.css HTTP/1.1" 304 0
"GET /static/images/copergas-sinc-sf.png HTTP/1.1" 304 0
"GET /static/favicon-32x32.png HTTP/1.1" 304 0
"GET /aplicacao/ HTTP/1.1" 200 7736
"GET /static/images/copergas-sinc-sf.png HTTP/1.1" 304 0
"GET /static/css/styles.css HTTP/1.1" 304 0
"GET /static/js/datatables_portugues.js HTTP/1.1" 304 0
"GET /static/favicon-32x32.png HTTP/1.1" 304 0
"GET /aplicacao/logout HTTP/1.1" 302 0
Not Found: /accounts/login/
"GET /accounts/login/?next=/aplicacao/logout HTTP/1.1" 404 5039
Not Found: /favicon.ico
"GET /favicon.ico HTTP/1.1" 404 5004
Not Found: /login/
"GET /login/?next=/aplicacao/logout HTTP/1.1" 404 5012
"GET /aplicacao/logout HTTP/1.1" 302 0
"GET / HTTP/1.1" 200 5066
"POST / HTTP/1.1" 200 8327
"GET /aplicacao/logout HTTP/1.1" 302 0
"GET / HTTP/1.1" 200 5066
Internal Server Error: /aplicacao/
Traceback (most recent call last):
  File "C:\Python312\Lib\site-packages\django\template\base.py", line 505, in parse
    compile_func = self.tags[command]
                   ~~~~~~~~~^^^^^^^^^
KeyError: 'static'

During handling of the above exception, another exception occurred:

Traceback (most recent call last):
  File "C:\Python312\Lib\site-packages\django\core\handlers\exception.py", line 55, in inner
    response = get_response(request)
               ^^^^^^^^^^^^^^^^^^^^^
  File "C:\Python312\Lib\site-packages\django\core\handlers\base.py", line 197, in _get_response
    response = wrapped_callback(request, *callback_args, **callback_kwargs)
               ^^^^^^^^^^^^^^^^^^^^^^^^^^^^^^^^^^^^^^^^^^^^^^^^^^^^^^^^^^^^
  File "C:\Users\igor.oliveira\Desktop\novoSinc\aplicacao\views.py", line 59, in home
    return render(request, 'pages/home.html', context)
           ^^^^^^^^^^^^^^^^^^^^^^^^^^^^^^^^^^^^^^^^^^^
  File "C:\Python312\Lib\site-packages\django\shortcuts.py", line 24, in render
    content = loader.render_to_string(template_name, context, request, using=using)
              ^^^^^^^^^^^^^^^^^^^^^^^^^^^^^^^^^^^^^^^^^^^^^^^^^^^^^^^^^^^^^^^^^^^^^
  File "C:\Python312\Lib\site-packages\django\template\loader.py", line 62, in render_to_string
    return template.render(context, request)
           ^^^^^^^^^^^^^^^^^^^^^^^^^^^^^^^^^
  File "C:\Python312\Lib\site-packages\django\template\backends\django.py", line 61, in render
    return self.template.render(context)
           ^^^^^^^^^^^^^^^^^^^^^^^^^^^^^
  File "C:\Python312\Lib\site-packages\django\template\base.py", line 175, in render
    return self._render(context)
           ^^^^^^^^^^^^^^^^^^^^^
  File "C:\Python312\Lib\site-packages\django\template\base.py", line 167, in _render
    return self.nodelist.render(context)
           ^^^^^^^^^^^^^^^^^^^^^^^^^^^^^
  File "C:\Python312\Lib\site-packages\django\template\base.py", line 1005, in render
    return SafeString("".join([node.render_annotated(context) for node in self]))
                               ^^^^^^^^^^^^^^^^^^^^^^^^^^^^^^
  File "C:\Python312\Lib\site-packages\django\template\base.py", line 966, in render_annotated
    return self.render(context)
           ^^^^^^^^^^^^^^^^^^^^
  File "C:\Python312\Lib\site-packages\django\template\loader_tags.py", line 132, in render
    compiled_parent = self.get_parent(context)
                      ^^^^^^^^^^^^^^^^^^^^^^^^
  File "C:\Python312\Lib\site-packages\django\template\loader_tags.py", line 129, in get_parent
    return self.find_template(parent, context)
           ^^^^^^^^^^^^^^^^^^^^^^^^^^^^^^^^^^^
  File "C:\Python312\Lib\site-packages\django\template\loader_tags.py", line 107, in find_template
    template, origin = context.template.engine.find_template(
                       ^^^^^^^^^^^^^^^^^^^^^^^^^^^^^^^^^^^^^^
  File "C:\Python312\Lib\site-packages\django\template\engine.py", line 157, in find_template
    template = loader.get_template(name, skip=skip)
               ^^^^^^^^^^^^^^^^^^^^^^^^^^^^^^^^^^^^
  File "C:\Python312\Lib\site-packages\django\template\loaders\cached.py", line 57, in get_template
    template = super().get_template(template_name, skip)
               ^^^^^^^^^^^^^^^^^^^^^^^^^^^^^^^^^^^^^^^^^
  File "C:\Python312\Lib\site-packages\django\template\loaders\base.py", line 28, in get_template
    return Template(
           ^^^^^^^^^
  File "C:\Python312\Lib\site-packages\django\template\base.py", line 154, in __init__
    self.nodelist = self.compile_nodelist()
                    ^^^^^^^^^^^^^^^^^^^^^^^
  File "C:\Python312\Lib\site-packages\django\template\base.py", line 200, in compile_nodelist
    return parser.parse()
           ^^^^^^^^^^^^^^
  File "C:\Python312\Lib\site-packages\django\template\base.py", line 507, in parse
    self.invalid_block_tag(token, command, parse_until)
  File "C:\Python312\Lib\site-packages\django\template\base.py", line 568, in invalid_block_tag
    raise self.error(
django.template.exceptions.TemplateSyntaxError: Invalid block tag on line 2: 'static'. Did you forget to register or load this tag?
"GET /aplicacao/ HTTP/1.1" 500 163976
"GET /aplicacao/ HTTP/1.1" 200 7943
"GET /static/js/datatables_portugues.js HTTP/1.1" 304 0
"GET /static/css/styles.css HTTP/1.1" 304 0
"GET /static/images/copergas-sinc-sf.png HTTP/1.1" 304 0
"GET /static/images/fundo-coper.jpg HTTP/1.1" 304 0
"GET /static/favicon-32x32.png HTTP/1.1" 304 0
"GET /aplicacao/modelos HTTP/1.1" 200 10473
"GET /static/js/datatables_portugues.js HTTP/1.1" 304 0
"GET /static/images/copergas-sinc-sf.png HTTP/1.1" 304 0
"GET /static/images/fundo-coper.jpg HTTP/1.1" 304 0
"GET /aplicacao/modelos HTTP/1.1" 200 10266
"GET /static/js/datatables_portugues.js HTTP/1.1" 304 0
"GET /static/css/styles.css HTTP/1.1" 304 0
"GET /static/images/copergas-sinc-sf.png HTTP/1.1" 304 0
"GET /static/favicon-32x32.png HTTP/1.1" 304 0
"GET /aplicacao/ HTTP/1.1" 200 7736
"GET /static/js/datatables_portugues.js HTTP/1.1" 304 0
"GET /static/images/copergas-sinc-sf.png HTTP/1.1" 304 0
"POST / HTTP/1.1" 200 8327
"GET /aplicacao/modelos HTTP/1.1" 200 10266
"GET /aplicacao/edita_modelo/2/ HTTP/1.1" 200 20234
"POST /aplicacao/edita_modelo/2/ HTTP/1.1" 200 6670
"GET /aplicacao/modelos HTTP/1.1" 200 10266
"GET /aplicacao/ HTTP/1.1" 200 7736
"GET /aplicacao/ HTTP/1.1" 200 7736
"GET /aplicacao/ HTTP/1.1" 200 7736
"GET /static/css/styles.css HTTP/1.1" 304 0
"GET /static/images/copergas-sinc-sf.png HTTP/1.1" 304 0
"GET /static/js/datatables_portugues.js HTTP/1.1" 304 0
"GET /static/favicon-32x32.png HTTP/1.1" 304 0
"GET /aplicacao/relatorio_proximas HTTP/1.1" 302 0
Not Found: /accounts/login/
"GET /accounts/login/?next=/aplicacao/relatorio_proximas HTTP/1.1" 404 5051
"GET /aplicacao/relatorio_proximas HTTP/1.1" 200 998162
Watching for file changes with StatReloader
"GET / HTTP/1.1" 200 5066
"GET /static/js/datatables_portugues.js HTTP/1.1" 200 867
"GET /static/css/styles.css HTTP/1.1" 200 7771
"GET /static/images/copergas-sinc-sf.png HTTP/1.1" 200 46814
"GET /static/images/fundo-coper.jpg HTTP/1.1" 200 791979
"GET /static/favicon-32x32.png HTTP/1.1" 200 1391
"GET /static/apple-touch-icon.png HTTP/1.1" 200 14801
"POST / HTTP/1.1" 200 8327
"GET / HTTP/1.1" 200 8317
"GET /static/css/styles.css HTTP/1.1" 304 0
"GET / HTTP/1.1" 200 8327
Internal Server Error: /
Traceback (most recent call last):
  File "C:\Python312\Lib\site-packages\django\utils\datastructures.py", line 84, in __getitem__
    list_ = super().__getitem__(key)
            ^^^^^^^^^^^^^^^^^^^^^^^^
KeyError: 'login'

During handling of the above exception, another exception occurred:

Traceback (most recent call last):
  File "C:\Python312\Lib\site-packages\django\core\handlers\exception.py", line 55, in inner
    response = get_response(request)
               ^^^^^^^^^^^^^^^^^^^^^
  File "C:\Python312\Lib\site-packages\django\core\handlers\base.py", line 197, in _get_response
    response = wrapped_callback(request, *callback_args, **callback_kwargs)
               ^^^^^^^^^^^^^^^^^^^^^^^^^^^^^^^^^^^^^^^^^^^^^^^^^^^^^^^^^^^^
  File "C:\Users\igor.oliveira\Desktop\novoSinc\aplicacao\views.py", line 128, in login_view
    username = request.POST['login']
               ~~~~~~~~~~~~^^^^^^^^^
  File "C:\Python312\Lib\site-packages\django\utils\datastructures.py", line 86, in __getitem__
    raise MultiValueDictKeyError(key)
django.utils.datastructures.MultiValueDictKeyError: 'login'
"POST / HTTP/1.1" 500 80104
Not Found: /favicon.ico
"GET /favicon.ico HTTP/1.1" 404 5004
"GET / HTTP/1.1" 200 8327
"GET /static/css/styles.css HTTP/1.1" 304 0
Internal Server Error: /
Traceback (most recent call last):
  File "C:\Python312\Lib\site-packages\django\utils\datastructures.py", line 84, in __getitem__
    list_ = super().__getitem__(key)
            ^^^^^^^^^^^^^^^^^^^^^^^^
KeyError: 'login'

During handling of the above exception, another exception occurred:

Traceback (most recent call last):
  File "C:\Python312\Lib\site-packages\django\core\handlers\exception.py", line 55, in inner
    response = get_response(request)
               ^^^^^^^^^^^^^^^^^^^^^
  File "C:\Python312\Lib\site-packages\django\core\handlers\base.py", line 197, in _get_response
    response = wrapped_callback(request, *callback_args, **callback_kwargs)
               ^^^^^^^^^^^^^^^^^^^^^^^^^^^^^^^^^^^^^^^^^^^^^^^^^^^^^^^^^^^^
  File "C:\Users\igor.oliveira\Desktop\novoSinc\aplicacao\views.py", line 128, in login_view
    username = request.POST['login']
               ~~~~~~~~~~~~^^^^^^^^^
  File "C:\Python312\Lib\site-packages\django\utils\datastructures.py", line 86, in __getitem__
    raise MultiValueDictKeyError(key)
django.utils.datastructures.MultiValueDictKeyError: 'login'
"POST / HTTP/1.1" 500 80103
"GET / HTTP/1.1" 200 8327
Internal Server Error: /
Traceback (most recent call last):
  File "C:\Python312\Lib\site-packages\django\utils\datastructures.py", line 84, in __getitem__
    list_ = super().__getitem__(key)
            ^^^^^^^^^^^^^^^^^^^^^^^^
KeyError: 'login'

During handling of the above exception, another exception occurred:

Traceback (most recent call last):
  File "C:\Python312\Lib\site-packages\django\core\handlers\exception.py", line 55, in inner
    response = get_response(request)
               ^^^^^^^^^^^^^^^^^^^^^
  File "C:\Python312\Lib\site-packages\django\core\handlers\base.py", line 197, in _get_response
    response = wrapped_callback(request, *callback_args, **callback_kwargs)
               ^^^^^^^^^^^^^^^^^^^^^^^^^^^^^^^^^^^^^^^^^^^^^^^^^^^^^^^^^^^^
  File "C:\Users\igor.oliveira\Desktop\novoSinc\aplicacao\views.py", line 128, in login_view
    username = request.POST['login']
               ~~~~~~~~~~~~^^^^^^^^^
  File "C:\Python312\Lib\site-packages\django\utils\datastructures.py", line 86, in __getitem__
    raise MultiValueDictKeyError(key)
django.utils.datastructures.MultiValueDictKeyError: 'login'
"POST / HTTP/1.1" 500 80164
"GET / HTTP/1.1" 200 8327
"GET /aplicacao/modelos HTTP/1.1" 200 10266
"GET /static/css/styles.css HTTP/1.1" 304 0
"GET /aplicacao/exibe_modelo/1/ HTTP/1.1" 200 15912
Not Found: /aplicacao/exibe_modelo/1/{{ CAMINHO1 }}
"GET /aplicacao/exibe_modelo/1/%7B%7B%20CAMINHO1%20%7D%7D HTTP/1.1" 404 5100
Not Found: /aplicacao/exibe_modelo/1/{{ CAMINHO2 }}
"GET /aplicacao/exibe_modelo/1/%7B%7B%20CAMINHO2%20%7D%7D HTTP/1.1" 404 5100
"GET /aplicacao/exibe_modelo/1/ HTTP/1.1" 200 15850
"GET /static/css/styles.css HTTP/1.1" 304 0
Not Found: /aplicacao/exibe_modelo/1/{{ CAMINHO1 }}
"GET /aplicacao/exibe_modelo/1/%7B%7B%20CAMINHO1%20%7D%7D HTTP/1.1" 404 5100
Not Found: /aplicacao/exibe_modelo/1/{{ CAMINHO2 }}
"GET /aplicacao/exibe_modelo/1/%7B%7B%20CAMINHO2%20%7D%7D HTTP/1.1" 404 5100
"GET /aplicacao/modelos HTTP/1.1" 200 10266
"GET /aplicacao/edita_modelo/1/ HTTP/1.1" 200 19614
"GET /aplicacao/modelos HTTP/1.1" 200 10266
"GET /aplicacao/inclui_modelo HTTP/1.1" 200 7921
"GET /aplicacao/inclui_modelo HTTP/1.1" 200 7922
"GET /static/css/styles.css HTTP/1.1" 304 0
"GET /aplicacao/inclui_modelo HTTP/1.1" 200 7919
"GET /aplicacao/inclui_modelo HTTP/1.1" 200 7921
"GET /aplicacao/relatorio_proximas HTTP/1.1" 200 998162
"GET /static/css/styles.css HTTP/1.1" 304 0
"GET /aplicacao/inclui_modelo HTTP/1.1" 200 7921
"GET /aplicacao/relatorio_proximas HTTP/1.1" 200 998162
"GET /aplicacao/relatorio_vencidas HTTP/1.1" 200 8952
"GET /aplicacao/inclui_modelo HTTP/1.1" 200 7922
"GET /static/css/styles.css HTTP/1.1" 200 7878
"GET /aplicacao/inclui_modelo HTTP/1.1" 200 7922
"GET /static/css/styles.css HTTP/1.1" 200 7878
"GET /aplicacao/inclui_modelo HTTP/1.1" 200 7971
"GET /static/css/styles.css HTTP/1.1" 304 0
"GET /aplicacao/inclui_modelo HTTP/1.1" 200 7971
"GET /static/css/styles.css HTTP/1.1" 200 7915
"GET /aplicacao/inclui_modelo HTTP/1.1" 200 7971
"GET /static/css/styles.css HTTP/1.1" 200 7916
"GET /aplicacao/inclui_modelo HTTP/1.1" 200 7971
"GET /static/css/styles.css HTTP/1.1" 200 7897
"GET /aplicacao/inclui_modelo HTTP/1.1" 200 7942
"GET /static/css/styles.css HTTP/1.1" 304 0
"GET /aplicacao/inclui_modelo HTTP/1.1" 200 7942
"GET /static/css/styles.css HTTP/1.1" 200 7898
"GET /aplicacao/inclui_modelo HTTP/1.1" 200 7942
"GET /static/css/styles.css HTTP/1.1" 200 7897
"GET /aplicacao/inclui_modelo HTTP/1.1" 200 7925
"GET /static/css/styles.css HTTP/1.1" 304 0
"GET /aplicacao/inclui_modelo HTTP/1.1" 200 7998
"GET /static/css/styles.css HTTP/1.1" 304 0
"GET /aplicacao/inclui_modelo HTTP/1.1" 200 8027
"GET /static/css/styles.css HTTP/1.1" 304 0
"GET /aplicacao/inclui_modelo HTTP/1.1" 200 8026
"GET /static/css/styles.css HTTP/1.1" 304 0
Watching for file changes with StatReloader
"GET / HTTP/1.1" 200 5066
"GET /static/css/styles.css HTTP/1.1" 200 7897
"GET /static/js/datatables_portugues.js HTTP/1.1" 200 867
"GET /static/images/copergas-sinc-sf.png HTTP/1.1" 200 46814
"GET /static/images/fundo-coper.jpg HTTP/1.1" 200 791979
"GET /static/favicon-16x16.png HTTP/1.1" 200 720
"GET /static/apple-touch-icon.png HTTP/1.1" 200 14801
"POST / HTTP/1.1" 200 8327
"GET /static/favicon-32x32.png HTTP/1.1" 200 1391
"GET /aplicacao/modelos HTTP/1.1" 200 10266
"GET /aplicacao/exibe_modelo/1/ HTTP/1.1" 200 15850
Not Found: /aplicacao/exibe_modelo/1/{{ CAMINHO1 }}
"GET /aplicacao/exibe_modelo/1/%7B%7B%20CAMINHO1%20%7D%7D HTTP/1.1" 404 5100
Not Found: /aplicacao/exibe_modelo/1/{{ CAMINHO2 }}
"GET /aplicacao/exibe_modelo/1/%7B%7B%20CAMINHO2%20%7D%7D HTTP/1.1" 404 5100
Not Found: /favicon.ico
"GET /favicon.ico HTTP/1.1" 404 5004
"GET /aplicacao/edita_modelo/1/ HTTP/1.1" 200 19614
"GET /aplicacao/logout HTTP/1.1" 302 0
"GET / HTTP/1.1" 200 5066
"POST / HTTP/1.1" 200 8327
"GET /aplicacao/modelos HTTP/1.1" 200 10266
C:\Users\igor.oliveira\Desktop\novoSinc\aplicacao\views.py changed, reloading.
Watching for file changes with StatReloader
"GET /aplicacao/edita_modelo/2/ HTTP/1.1" 200 20881
C:\Users\igor.oliveira\Desktop\novoSinc\aplicacao\emails.py changed, reloading.
Watching for file changes with StatReloader
C:\Users\igor.oliveira\Desktop\novoSinc\aplicacao\emails.py changed, reloading.
Watching for file changes with StatReloader
C:\Users\igor.oliveira\Desktop\novoSinc\aplicacao\emails.py changed, reloading.
Watching for file changes with StatReloader
C:\Users\igor.oliveira\Desktop\novoSinc\aplicacao\emails.py changed, reloading.
Watching for file changes with StatReloader
C:\Users\igor.oliveira\Desktop\novoSinc\aplicacao\emails.py changed, reloading.
Watching for file changes with StatReloader
C:\Users\igor.oliveira\Desktop\novoSinc\aplicacao\emails.py changed, reloading.
Watching for file changes with StatReloader
C:\Users\igor.oliveira\Desktop\novoSinc\aplicacao\emails.py changed, reloading.
Watching for file changes with StatReloader
C:\Users\igor.oliveira\Desktop\novoSinc\aplicacao\emails.py changed, reloading.
Watching for file changes with StatReloader
C:\Users\igor.oliveira\Desktop\novoSinc\aplicacao\emails.py changed, reloading.
Watching for file changes with StatReloader
C:\Users\igor.oliveira\Desktop\novoSinc\aplicacao\emails.py changed, reloading.
Watching for file changes with StatReloader
Watching for file changes with StatReloader
"GET / HTTP/1.1" 200 7724
"GET /aplicacao/ HTTP/1.1" 200 7736
C:\Users\igor.oliveira\Desktop\novoSinc\aplicacao\emails.py changed, reloading.
Watching for file changes with StatReloader
Internal Server Error: /aplicacao/teste_envio_proximas
Traceback (most recent call last):
  File "C:\Python312\Lib\site-packages\django\core\handlers\exception.py", line 55, in inner
    response = get_response(request)
               ^^^^^^^^^^^^^^^^^^^^^
  File "C:\Python312\Lib\site-packages\django\core\handlers\base.py", line 197, in _get_response
    response = wrapped_callback(request, *callback_args, **callback_kwargs)
               ^^^^^^^^^^^^^^^^^^^^^^^^^^^^^^^^^^^^^^^^^^^^^^^^^^^^^^^^^^^^
  File "C:\Python312\Lib\site-packages\django\contrib\auth\decorators.py", line 23, in _wrapper_view
    return view_func(request, *args, **kwargs)
           ^^^^^^^^^^^^^^^^^^^^^^^^^^^^^^^^^^^
  File "C:\Users\igor.oliveira\Desktop\novoSinc\aplicacao\views.py", line 168, in testa_envio_proximas
    notificar_clientes_teste(2,clientes)
  File "C:\Users\igor.oliveira\Desktop\novoSinc\aplicacao\emails.py", line 126, in notificar_clientes_teste
    enviar_email_relatorio('Próximas a vencer')
  File "C:\Users\igor.oliveira\Desktop\novoSinc\aplicacao\emails.py", line 239, in enviar_email_relatorio
    html_content = devolve_html(tag)
                   ^^^^^^^^^^^^^^^^^
  File "C:\Users\igor.oliveira\Desktop\novoSinc\aplicacao\emails.py", line 317, in devolve_html
    current_date = timezone.now().date()  # Get the current date
                   ^^^^^^^^
NameError: name 'timezone' is not defined
"GET /aplicacao/teste_envio_proximas HTTP/1.1" 500 87908
C:\Users\igor.oliveira\Desktop\novoSinc\aplicacao\emails.py changed, reloading.
Watching for file changes with StatReloader
Internal Server Error: /aplicacao/teste_envio_proximas
Traceback (most recent call last):
  File "C:\Python312\Lib\site-packages\django\core\handlers\exception.py", line 55, in inner
    response = get_response(request)
               ^^^^^^^^^^^^^^^^^^^^^
  File "C:\Python312\Lib\site-packages\django\core\handlers\base.py", line 197, in _get_response
    response = wrapped_callback(request, *callback_args, **callback_kwargs)
               ^^^^^^^^^^^^^^^^^^^^^^^^^^^^^^^^^^^^^^^^^^^^^^^^^^^^^^^^^^^^
  File "C:\Python312\Lib\site-packages\django\contrib\auth\decorators.py", line 23, in _wrapper_view
    return view_func(request, *args, **kwargs)
           ^^^^^^^^^^^^^^^^^^^^^^^^^^^^^^^^^^^
  File "C:\Users\igor.oliveira\Desktop\novoSinc\aplicacao\views.py", line 168, in testa_envio_proximas
    notificar_clientes_teste(2,clientes)
  File "C:\Users\igor.oliveira\Desktop\novoSinc\aplicacao\emails.py", line 126, in notificar_clientes_teste
    enviar_email_relatorio('Próximas a vencer')
  File "C:\Users\igor.oliveira\Desktop\novoSinc\aplicacao\emails.py", line 239, in enviar_email_relatorio
    html_content = devolve_html(tag)
                   ^^^^^^^^^^^^^^^^^
  File "C:\Users\igor.oliveira\Desktop\novoSinc\aplicacao\emails.py", line 317, in devolve_html
    current_date = timezone.now().date()  # Get the current date
                   ^^^^^^^^^^^^
AttributeError: type object 'datetime.timezone' has no attribute 'now'
"GET /aplicacao/teste_envio_proximas HTTP/1.1" 500 87921
C:\Users\igor.oliveira\Desktop\novoSinc\aplicacao\emails.py changed, reloading.
Watching for file changes with StatReloader
"GET /aplicacao HTTP/1.1" 301 0
"GET /aplicacao/ HTTP/1.1" 200 7736
Internal Server Error: /aplicacao/teste_envio_proximas
Traceback (most recent call last):
  File "C:\Python312\Lib\site-packages\django\core\handlers\exception.py", line 55, in inner
    response = get_response(request)
               ^^^^^^^^^^^^^^^^^^^^^
  File "C:\Python312\Lib\site-packages\django\core\handlers\base.py", line 197, in _get_response
    response = wrapped_callback(request, *callback_args, **callback_kwargs)
               ^^^^^^^^^^^^^^^^^^^^^^^^^^^^^^^^^^^^^^^^^^^^^^^^^^^^^^^^^^^^
  File "C:\Python312\Lib\site-packages\django\contrib\auth\decorators.py", line 23, in _wrapper_view
    return view_func(request, *args, **kwargs)
           ^^^^^^^^^^^^^^^^^^^^^^^^^^^^^^^^^^^
  File "C:\Users\igor.oliveira\Desktop\novoSinc\aplicacao\views.py", line 168, in testa_envio_proximas
    notificar_clientes_teste(2,clientes)
  File "C:\Users\igor.oliveira\Desktop\novoSinc\aplicacao\emails.py", line 127, in notificar_clientes_teste
    enviar_email_relatorio('Próximas a vencer')
  File "C:\Users\igor.oliveira\Desktop\novoSinc\aplicacao\emails.py", line 240, in enviar_email_relatorio
    html_content = devolve_html(tag)
                   ^^^^^^^^^^^^^^^^^
  File "C:\Users\igor.oliveira\Desktop\novoSinc\aplicacao\emails.py", line 320, in devolve_html
    envios = Envio.objects.filter(tipo_envio=tag, data_envio__gt=current_date).order_by('id')
             ^^^^^
NameError: name 'Envio' is not defined
"GET /aplicacao/teste_envio_proximas HTTP/1.1" 500 88321
C:\Users\igor.oliveira\Desktop\novoSinc\aplicacao\emails.py changed, reloading.
Watching for file changes with StatReloader
"GET /aplicacao/ HTTP/1.1" 200 7736
"GET /aplicacao/teste_envio_proximas HTTP/1.1" 200 8327
C:\Users\igor.oliveira\Desktop\novoSinc\aplicacao\emails.py changed, reloading.
Watching for file changes with StatReloader
"GET /aplicacao/ HTTP/1.1" 200 7736
"GET /aplicacao/teste_envio_vencidas HTTP/1.1" 200 11767
C:\Users\igor.oliveira\Desktop\novoSinc\aplicacao\emails.py changed, reloading.
Watching for file changes with StatReloader
"GET /aplicacao/relatorio_vencidas HTTP/1.1" 200 13698
"GET /aplicacao/ HTTP/1.1" 200 7738
C:\Users\igor.oliveira\Desktop\novoSinc\aplicacao\emails.py changed, reloading.
Watching for file changes with StatReloader
Internal Server Error: /aplicacao/teste_envio_vencidas
Traceback (most recent call last):
  File "C:\Python312\Lib\site-packages\django\core\handlers\exception.py", line 55, in inner
    response = get_response(request)
               ^^^^^^^^^^^^^^^^^^^^^
  File "C:\Python312\Lib\site-packages\django\core\handlers\base.py", line 197, in _get_response
    response = wrapped_callback(request, *callback_args, **callback_kwargs)
               ^^^^^^^^^^^^^^^^^^^^^^^^^^^^^^^^^^^^^^^^^^^^^^^^^^^^^^^^^^^^
  File "C:\Python312\Lib\site-packages\django\contrib\auth\decorators.py", line 23, in _wrapper_view
    return view_func(request, *args, **kwargs)
           ^^^^^^^^^^^^^^^^^^^^^^^^^^^^^^^^^^^
  File "C:\Users\igor.oliveira\Desktop\novoSinc\aplicacao\views.py", line 175, in testa_envio_vencidas
    notificar_clientes_teste(3,clientes)
  File "C:\Users\igor.oliveira\Desktop\novoSinc\aplicacao\emails.py", line 125, in notificar_clientes_teste
    enviar_email_relatorio('Vencidas')
  File "C:\Users\igor.oliveira\Desktop\novoSinc\aplicacao\emails.py", line 240, in enviar_email_relatorio
    html_content = devolve_html(tag)
                   ^^^^^^^^^^^^^^^^^
  File "C:\Users\igor.oliveira\Desktop\novoSinc\aplicacao\emails.py", line 326, in devolve_html
    conteudo_html += f'<tr><td>{envio.contrato}</td><td>{envio.titulo}</td><td>{envio.email}</td><td>{envio.data_envio}</td><td>{envio.status_envio|date:"d/m/Y"}</td></tr>'
                                                                                                                                                    ^^^^
NameError: name 'date' is not defined
"GET /aplicacao/teste_envio_vencidas HTTP/1.1" 500 104716
C:\Users\igor.oliveira\Desktop\novoSinc\aplicacao\emails.py changed, reloading.
Watching for file changes with StatReloader
C:\Users\igor.oliveira\Desktop\novoSinc\aplicacao\emails.py changed, reloading.
Watching for file changes with StatReloader
"GET /aplicacao/teste_envio_vencidas HTTP/1.1" 200 11767
"GET /static/favicon-16x16.png HTTP/1.1" 200 720
"GET /static/apple-touch-icon.png HTTP/1.1" 200 14801
C:\Users\igor.oliveira\Desktop\novoSinc\aplicacao\emails.py changed, reloading.
Watching for file changes with StatReloader
C:\Users\igor.oliveira\Desktop\novoSinc\aplicacao\emails.py changed, reloading.
Watching for file changes with StatReloader
"GET /aplicacao/ HTTP/1.1" 200 7738
"GET /static/js/datatables_portugues.js HTTP/1.1" 200 867
"GET /static/apple-touch-icon.png HTTP/1.1" 200 14801
"GET /static/favicon-16x16.png HTTP/1.1" 200 720
Internal Server Error: /aplicacao/teste_envio_vencidas
Traceback (most recent call last):
  File "C:\Python312\Lib\site-packages\django\core\handlers\exception.py", line 55, in inner
    response = get_response(request)
               ^^^^^^^^^^^^^^^^^^^^^
  File "C:\Python312\Lib\site-packages\django\core\handlers\base.py", line 197, in _get_response
    response = wrapped_callback(request, *callback_args, **callback_kwargs)
               ^^^^^^^^^^^^^^^^^^^^^^^^^^^^^^^^^^^^^^^^^^^^^^^^^^^^^^^^^^^^
  File "C:\Python312\Lib\site-packages\django\contrib\auth\decorators.py", line 23, in _wrapper_view
    return view_func(request, *args, **kwargs)
           ^^^^^^^^^^^^^^^^^^^^^^^^^^^^^^^^^^^
  File "C:\Users\igor.oliveira\Desktop\novoSinc\aplicacao\views.py", line 175, in testa_envio_vencidas
    notificar_clientes_teste(3,clientes)
  File "C:\Users\igor.oliveira\Desktop\novoSinc\aplicacao\emails.py", line 125, in notificar_clientes_teste
    enviar_email_relatorio('Vencidas')
  File "C:\Users\igor.oliveira\Desktop\novoSinc\aplicacao\emails.py", line 240, in enviar_email_relatorio
    html_content = devolve_html(tag)
                   ^^^^^^^^^^^^^^^^^
  File "C:\Users\igor.oliveira\Desktop\novoSinc\aplicacao\emails.py", line 327, in devolve_html
    conteudo_html += f'<tr><td>{envio.contrato}</td><td>{envio.titulo}</td><td>{envio.email}</td><td>{envio.data_envio_formatted}</td><td>{envio.status_envio}</td></tr>'
                                                                                                      ^^^^^^^^^^^^^^^^^^^^^^^^^^
AttributeError: 'Envio' object has no attribute 'data_envio_formatted'
"GET /aplicacao/teste_envio_vencidas HTTP/1.1" 500 105121
Not Found: /favicon.ico
"GET /favicon.ico HTTP/1.1" 404 5004
C:\Users\igor.oliveira\Desktop\novoSinc\aplicacao\emails.py changed, reloading.
Watching for file changes with StatReloader
C:\Users\igor.oliveira\Desktop\novoSinc\aplicacao\emails.py changed, reloading.
Watching for file changes with StatReloader
C:\Users\igor.oliveira\Desktop\novoSinc\aplicacao\emails.py changed, reloading.
Watching for file changes with StatReloader
C:\Users\igor.oliveira\Desktop\novoSinc\aplicacao\emails.py changed, reloading.
Watching for file changes with StatReloader
"GET /aplicacao HTTP/1.1" 301 0
"GET /aplicacao/ HTTP/1.1" 200 7738
"GET /static/js/datatables_portugues.js HTTP/1.1" 200 867
"GET /static/apple-touch-icon.png HTTP/1.1" 200 14801
"GET /static/favicon-16x16.png HTTP/1.1" 200 720
"GET /aplicacao/teste_envio_vencidas HTTP/1.1" 200 11767
Watching for file changes with StatReloader
"GET / HTTP/1.1" 200 5066
"GET /static/js/datatables_portugues.js HTTP/1.1" 200 867
"GET /static/css/styles.css HTTP/1.1" 200 7897
"GET /static/images/copergas-sinc-sf.png HTTP/1.1" 200 46814
"GET /static/images/fundo-coper.jpg HTTP/1.1" 200 791979
"GET /static/favicon-32x32.png HTTP/1.1" 200 1391
"GET /static/apple-touch-icon.png HTTP/1.1" 200 14801
"POST / HTTP/1.1" 200 7724
"GET /aplicacao/ HTTP/1.1" 200 7738
"GET /aplicacao/modelos HTTP/1.1" 200 10266
"GET /aplicacao/inclui_modelo HTTP/1.1" 200 8271
"POST /aplicacao/inclui_modelo HTTP/1.1" 200 6670
"GET /aplicacao/modelos HTTP/1.1" 200 12047
"GET /aplicacao/exibe_modelo/3/ HTTP/1.1" 200 6794
C:\Users\igor.oliveira\Desktop\novoSinc\aplicacao\views.py changed, reloading.
Watching for file changes with StatReloader
"GET /aplicacao/modelos HTTP/1.1" 200 12047
"GET /aplicacao/inclui_modelo HTTP/1.1" 200 8271
"POST /aplicacao/inclui_modelo HTTP/1.1" 200 6670
"GET /aplicacao/modelos HTTP/1.1" 200 13829
"GET /aplicacao/exibe_modelo/4/ HTTP/1.1" 200 6791
C:\Users\igor.oliveira\Desktop\novoSinc\aplicacao\views.py changed, reloading.
Watching for file changes with StatReloader
"GET /aplicacao/modelos HTTP/1.1" 200 13829
"GET /aplicacao/inclui_modelo HTTP/1.1" 200 8271
"POST /aplicacao/inclui_modelo HTTP/1.1" 200 6670
"GET /aplicacao/modelos HTTP/1.1" 200 15611
"GET /aplicacao/exibe_modelo/5/ HTTP/1.1" 200 6779
"GET /aplicacao/modelos HTTP/1.1" 200 15611
C:\Users\igor.oliveira\Desktop\novoSinc\aplicacao\emails.py changed, reloading.
Watching for file changes with StatReloader
C:\Users\igor.oliveira\Desktop\novoSinc\aplicacao\emails.py changed, reloading.
Watching for file changes with StatReloader
C:\Users\igor.oliveira\Desktop\novoSinc\aplicacao\emails.py changed, reloading.
Watching for file changes with StatReloader
"GET /aplicacao/edita_modelo/1/ HTTP/1.1" 200 19614
"POST /aplicacao/edita_modelo/1/ HTTP/1.1" 200 6670
"GET /aplicacao/modelos HTTP/1.1" 200 15611
"GET /aplicacao/edita_modelo/2/ HTTP/1.1" 200 20881
"POST /aplicacao/edita_modelo/2/ HTTP/1.1" 200 6670
"GET /aplicacao/modelos HTTP/1.1" 200 15611
"GET /aplicacao/edita_modelo/1/ HTTP/1.1" 200 19642
"POST /aplicacao/edita_modelo/1/ HTTP/1.1" 200 6670
"GET /aplicacao/modelos HTTP/1.1" 200 15611
C:\Users\igor.oliveira\Desktop\novoSinc\aplicacao\emails.py changed, reloading.
Watching for file changes with StatReloader
"GET /aplicacao/edita_modelo/2/ HTTP/1.1" 200 20909
"POST /aplicacao/edita_modelo/2/ HTTP/1.1" 200 6670
"GET /aplicacao/modelos HTTP/1.1" 200 15611
"GET /aplicacao/edita_modelo/1/ HTTP/1.1" 200 19670
"POST /aplicacao/edita_modelo/1/ HTTP/1.1" 200 6670
"GET /aplicacao/modelos HTTP/1.1" 200 15611
C:\Users\igor.oliveira\Desktop\novoSinc\aplicacao\emails.py changed, reloading.
Watching for file changes with StatReloader
"GET /aplicacao/ HTTP/1.1" 200 7738
C:\Users\igor.oliveira\Desktop\novoSinc\aplicacao\models.py changed, reloading.
Watching for file changes with StatReloader
Internal Server Error: /aplicacao/teste_envio_proximas
Traceback (most recent call last):
  File "C:\Python312\Lib\site-packages\django\db\backends\utils.py", line 89, in _execute
    return self.cursor.execute(sql, params)
           ^^^^^^^^^^^^^^^^^^^^^^^^^^^^^^^^
psycopg2.errors.UndefinedColumn: ERRO:  coluna aplicacao_modelo.data_vencimento não existe
LINE 1: ..._modelo"."conteudo", "aplicacao_modelo"."emails", "aplicacao...
                                                             ^


The above exception was the direct cause of the following exception:

Traceback (most recent call last):
  File "C:\Python312\Lib\site-packages\django\core\handlers\exception.py", line 55, in inner
    response = get_response(request)
               ^^^^^^^^^^^^^^^^^^^^^
  File "C:\Python312\Lib\site-packages\django\core\handlers\base.py", line 197, in _get_response
    response = wrapped_callback(request, *callback_args, **callback_kwargs)
               ^^^^^^^^^^^^^^^^^^^^^^^^^^^^^^^^^^^^^^^^^^^^^^^^^^^^^^^^^^^^
  File "C:\Python312\Lib\site-packages\django\contrib\auth\decorators.py", line 23, in _wrapper_view
    return view_func(request, *args, **kwargs)
           ^^^^^^^^^^^^^^^^^^^^^^^^^^^^^^^^^^^
  File "C:\Users\igor.oliveira\Desktop\novoSinc\aplicacao\views.py", line 171, in testa_envio_proximas
    notificar_clientes_teste(2,clientes)
  File "C:\Users\igor.oliveira\Desktop\novoSinc\aplicacao\emails.py", line 129, in notificar_clientes_teste
    notifica_cliente_teste(tag,cliente,0)
  File "C:\Users\igor.oliveira\Desktop\novoSinc\aplicacao\emails.py", line 93, in notifica_cliente_teste
    err = not enviar_email(tag, cliente['EMAIL'],'', cliente) # Teste
              ^^^^^^^^^^^^^^^^^^^^^^^^^^^^^^^^^^^^^^^^^^^^^^^
  File "C:\Users\igor.oliveira\Desktop\novoSinc\aplicacao\emails.py", line 203, in enviar_email
    html_content = render_email_template_tabela(tag, contexto) #28DEZ - Estava render_email_template
                   ^^^^^^^^^^^^^^^^^^^^^^^^^^^^^^^^^^^^^^^^^^^
  File "C:\Users\igor.oliveira\Desktop\novoSinc\aplicacao\emails.py", line 303, in render_email_template_tabela
    modelo = Modelo.objects.get(nome=template_name)
             ^^^^^^^^^^^^^^^^^^^^^^^^^^^^^^^^^^^^^^
  File "C:\Python312\Lib\site-packages\django\db\models\manager.py", line 87, in manager_method
    return getattr(self.get_queryset(), name)(*args, **kwargs)
           ^^^^^^^^^^^^^^^^^^^^^^^^^^^^^^^^^^^^^^^^^^^^^^^^^^^
  File "C:\Python312\Lib\site-packages\django\db\models\query.py", line 633, in get
    num = len(clone)
          ^^^^^^^^^^
  File "C:\Python312\Lib\site-packages\django\db\models\query.py", line 380, in __len__
    self._fetch_all()
  File "C:\Python312\Lib\site-packages\django\db\models\query.py", line 1881, in _fetch_all
    self._result_cache = list(self._iterable_class(self))
                         ^^^^^^^^^^^^^^^^^^^^^^^^^^^^^^^^
  File "C:\Python312\Lib\site-packages\django\db\models\query.py", line 91, in __iter__
    results = compiler.execute_sql(
              ^^^^^^^^^^^^^^^^^^^^^
  File "C:\Python312\Lib\site-packages\django\db\models\sql\compiler.py", line 1562, in execute_sql
    cursor.execute(sql, params)
  File "C:\Python312\Lib\site-packages\django\db\backends\utils.py", line 102, in execute
    return super().execute(sql, params)
           ^^^^^^^^^^^^^^^^^^^^^^^^^^^^
  File "C:\Python312\Lib\site-packages\django\db\backends\utils.py", line 67, in execute
    return self._execute_with_wrappers(
           ^^^^^^^^^^^^^^^^^^^^^^^^^^^^
  File "C:\Python312\Lib\site-packages\django\db\backends\utils.py", line 80, in _execute_with_wrappers
    return executor(sql, params, many, context)
           ^^^^^^^^^^^^^^^^^^^^^^^^^^^^^^^^^^^^
  File "C:\Python312\Lib\site-packages\django\db\backends\utils.py", line 84, in _execute
    with self.db.wrap_database_errors:
  File "C:\Python312\Lib\site-packages\django\db\utils.py", line 91, in __exit__
    raise dj_exc_value.with_traceback(traceback) from exc_value
  File "C:\Python312\Lib\site-packages\django\db\backends\utils.py", line 89, in _execute
    return self.cursor.execute(sql, params)
           ^^^^^^^^^^^^^^^^^^^^^^^^^^^^^^^^
django.db.utils.ProgrammingError: ERRO:  coluna aplicacao_modelo.data_vencimento não existe
LINE 1: ..._modelo"."conteudo", "aplicacao_modelo"."emails", "aplicacao...
                                                             ^

"GET /aplicacao/teste_envio_proximas HTTP/1.1" 500 184737
Not Found: /favicon.ico
"GET /favicon.ico HTTP/1.1" 404 5004
C:\Users\igor.oliveira\Desktop\novoSinc\aplicacao\views.py changed, reloading.
Watching for file changes with StatReloader
C:\Users\igor.oliveira\Desktop\novoSinc\aplicacao\mysql.py changed, reloading.
Watching for file changes with StatReloader
Watching for file changes with StatReloader
"GET / HTTP/1.1" 200 7724
"GET /aplicacao/ HTTP/1.1" 200 7730
Internal Server Error: /aplicacao/teste_envio_proximas
Traceback (most recent call last):
  File "C:\Python312\Lib\site-packages\django\core\handlers\exception.py", line 55, in inner
    response = get_response(request)
               ^^^^^^^^^^^^^^^^^^^^^
  File "C:\Python312\Lib\site-packages\django\core\handlers\base.py", line 197, in _get_response
    response = wrapped_callback(request, *callback_args, **callback_kwargs)
               ^^^^^^^^^^^^^^^^^^^^^^^^^^^^^^^^^^^^^^^^^^^^^^^^^^^^^^^^^^^^
  File "C:\Python312\Lib\site-packages\django\contrib\auth\decorators.py", line 23, in _wrapper_view
    return view_func(request, *args, **kwargs)
           ^^^^^^^^^^^^^^^^^^^^^^^^^^^^^^^^^^^
  File "C:\Users\igor.oliveira\Desktop\novoSinc\aplicacao\views.py", line 167, in testa_envio_proximas
    notificar_clientes_teste(2,clientes)
  File "C:\Users\igor.oliveira\Desktop\novoSinc\aplicacao\emails.py", line 129, in notificar_clientes_teste
    notifica_cliente_teste(tag,cliente,0)
  File "C:\Users\igor.oliveira\Desktop\novoSinc\aplicacao\emails.py", line 105, in notifica_cliente_teste
    salva_ultima_notificacao_teste(cliente, tag) # Persistirá na tabela de envios independente do status do envio
    ^^^^^^^^^^^^^^^^^^^^^^^^^^^^^^^^^^^^^^^^^^^^
  File "C:\Users\igor.oliveira\Desktop\novoSinc\aplicacao\queries.py", line 86, in salva_ultima_notificacao_teste
    set_ultima_matricula_servico(cliente, tag)
  File "C:\Users\igor.oliveira\Desktop\novoSinc\aplicacao\mysql.py", line 29, in set_ultima_matricula_servico
    item = Envio(contrato=cliente['MATRICULA'],email=cliente['EMAIL'],titulo=cliente['TITULO'],data_envio=timezone.now(),status_envio=cliente['STATUS'],tipo_envio=tipo_envio,data_vencimento=cliente['DATA_VENCIMENTO_FATURA'])
           ^^^^^^^^^^^^^^^^^^^^^^^^^^^^^^^^^^^^^^^^^^^^^^^^^^^^^^^^^^^^^^^^^^^^^^^^^^^^^^^^^^^^^^^^^^^^^^^^^^^^^^^^^^^^^^^^^^^^^^^^^^^^^^^^^^^^^^^^^^^^^^^^^^^^^^^^^^^^^^^^^^^^^^^^^^^^^^^^^^^^^^^^^^^^^^^^^^^^^^^^^^^^^^^^^^^^^
  File "C:\Python312\Lib\site-packages\django\db\models\base.py", line 567, in __init__
    raise TypeError(
TypeError: Envio() got unexpected keyword arguments: 'data_vencimento'
"GET /aplicacao/teste_envio_proximas HTTP/1.1" 500 116936
C:\Users\igor.oliveira\Desktop\novoSinc\aplicacao\models.py changed, reloading.
Watching for file changes with StatReloader
Watching for file changes with StatReloader
"GET / HTTP/1.1" 200 7724
"GET /aplicacao/ HTTP/1.1" 200 7730
Internal Server Error: /aplicacao/teste_envio_proximas
Traceback (most recent call last):
  File "C:\Python312\Lib\site-packages\django\core\handlers\exception.py", line 55, in inner
    response = get_response(request)
               ^^^^^^^^^^^^^^^^^^^^^
  File "C:\Python312\Lib\site-packages\django\core\handlers\base.py", line 197, in _get_response
    response = wrapped_callback(request, *callback_args, **callback_kwargs)
               ^^^^^^^^^^^^^^^^^^^^^^^^^^^^^^^^^^^^^^^^^^^^^^^^^^^^^^^^^^^^
  File "C:\Python312\Lib\site-packages\django\contrib\auth\decorators.py", line 23, in _wrapper_view
    return view_func(request, *args, **kwargs)
           ^^^^^^^^^^^^^^^^^^^^^^^^^^^^^^^^^^^
  File "C:\Users\igor.oliveira\Desktop\novoSinc\aplicacao\views.py", line 167, in testa_envio_proximas
    notificar_clientes_teste(2,clientes)
  File "C:\Users\igor.oliveira\Desktop\novoSinc\aplicacao\emails.py", line 129, in notificar_clientes_teste
    notifica_cliente_teste(tag,cliente,0)
  File "C:\Users\igor.oliveira\Desktop\novoSinc\aplicacao\emails.py", line 105, in notifica_cliente_teste
    salva_ultima_notificacao_teste(cliente, tag) # Persistirá na tabela de envios independente do status do envio
    ^^^^^^^^^^^^^^^^^^^^^^^^^^^^^^^^^^^^^^^^^^^^
  File "C:\Users\igor.oliveira\Desktop\novoSinc\aplicacao\queries.py", line 86, in salva_ultima_notificacao_teste
    set_ultima_matricula_servico(cliente, tag)
  File "C:\Users\igor.oliveira\Desktop\novoSinc\aplicacao\mysql.py", line 30, in set_ultima_matricula_servico
    item.save()
  File "C:\Python312\Lib\site-packages\django\db\models\base.py", line 814, in save
    self.save_base(
  File "C:\Python312\Lib\site-packages\django\db\models\base.py", line 877, in save_base
    updated = self._save_table(
              ^^^^^^^^^^^^^^^^^
  File "C:\Python312\Lib\site-packages\django\db\models\base.py", line 1020, in _save_table
    results = self._do_insert(
              ^^^^^^^^^^^^^^^^
  File "C:\Python312\Lib\site-packages\django\db\models\base.py", line 1061, in _do_insert
    return manager._insert(
           ^^^^^^^^^^^^^^^^
  File "C:\Python312\Lib\site-packages\django\db\models\manager.py", line 87, in manager_method
    return getattr(self.get_queryset(), name)(*args, **kwargs)
           ^^^^^^^^^^^^^^^^^^^^^^^^^^^^^^^^^^^^^^^^^^^^^^^^^^^
  File "C:\Python312\Lib\site-packages\django\db\models\query.py", line 1805, in _insert
    return query.get_compiler(using=using).execute_sql(returning_fields)
           ^^^^^^^^^^^^^^^^^^^^^^^^^^^^^^^^^^^^^^^^^^^^^^^^^^^^^^^^^^^^^
  File "C:\Python312\Lib\site-packages\django\db\models\sql\compiler.py", line 1821, in execute_sql
    for sql, params in self.as_sql():
                       ^^^^^^^^^^^^^
  File "C:\Python312\Lib\site-packages\django\db\models\sql\compiler.py", line 1747, in as_sql
    self.prepare_value(field, self.pre_save_val(field, obj))
  File "C:\Python312\Lib\site-packages\django\db\models\sql\compiler.py", line 1686, in prepare_value
    return field.get_db_prep_save(value, connection=self.connection)
           ^^^^^^^^^^^^^^^^^^^^^^^^^^^^^^^^^^^^^^^^^^^^^^^^^^^^^^^^^
  File "C:\Python312\Lib\site-packages\django\db\models\fields\__init__.py", line 954, in get_db_prep_save
    return self.get_db_prep_value(value, connection=connection, prepared=False)
           ^^^^^^^^^^^^^^^^^^^^^^^^^^^^^^^^^^^^^^^^^^^^^^^^^^^^^^^^^^^^^^^^^^^^
  File "C:\Python312\Lib\site-packages\django\db\models\fields\__init__.py", line 1607, in get_db_prep_value
    value = self.get_prep_value(value)
            ^^^^^^^^^^^^^^^^^^^^^^^^^^
  File "C:\Python312\Lib\site-packages\django\db\models\fields\__init__.py", line 1585, in get_prep_value
    value = super().get_prep_value(value)
            ^^^^^^^^^^^^^^^^^^^^^^^^^^^^^
  File "C:\Python312\Lib\site-packages\django\db\models\fields\__init__.py", line 1464, in get_prep_value
    return self.to_python(value)
           ^^^^^^^^^^^^^^^^^^^^^
  File "C:\Python312\Lib\site-packages\django\db\models\fields\__init__.py", line 1567, in to_python
    raise exceptions.ValidationError(
django.core.exceptions.ValidationError: ['O valor “08/02/2024” tem um formato inválido. Deve estar no formato YYYY-MM-DD HH:MM[:ss[.uuuuuu]][TZ].']
"GET /aplicacao/teste_envio_proximas HTTP/1.1" 500 176953
Watching for file changes with StatReloader
"GET / HTTP/1.1" 200 7724
"GET /aplicacao/ HTTP/1.1" 200 7730
Internal Server Error: /aplicacao/teste_envio_proximas
Traceback (most recent call last):
  File "C:\Python312\Lib\site-packages\django\db\backends\utils.py", line 89, in _execute
    return self.cursor.execute(sql, params)
           ^^^^^^^^^^^^^^^^^^^^^^^^^^^^^^^^
psycopg2.errors.NotNullViolation: ERRO:  null value in column "contrato" of relation "aplicacao_envio" violates not-null constraint
DETAIL:  Registro que falhou contém (4076, null, igor.oliveira@copergas.com.br, 800191.GAS, 2024-02-06 14:58:30.010235+00, Enviado, Próximas a vencer, 08/02/2024).


The above exception was the direct cause of the following exception:

Traceback (most recent call last):
  File "C:\Python312\Lib\site-packages\django\core\handlers\exception.py", line 55, in inner
    response = get_response(request)
               ^^^^^^^^^^^^^^^^^^^^^
  File "C:\Python312\Lib\site-packages\django\core\handlers\base.py", line 197, in _get_response
    response = wrapped_callback(request, *callback_args, **callback_kwargs)
               ^^^^^^^^^^^^^^^^^^^^^^^^^^^^^^^^^^^^^^^^^^^^^^^^^^^^^^^^^^^^
  File "C:\Python312\Lib\site-packages\django\contrib\auth\decorators.py", line 23, in _wrapper_view
    return view_func(request, *args, **kwargs)
           ^^^^^^^^^^^^^^^^^^^^^^^^^^^^^^^^^^^
  File "C:\Users\igor.oliveira\Desktop\novoSinc\aplicacao\views.py", line 167, in testa_envio_proximas
    notificar_clientes_teste(2,clientes)
  File "C:\Users\igor.oliveira\Desktop\novoSinc\aplicacao\emails.py", line 129, in notificar_clientes_teste
    notifica_cliente_teste(tag,cliente,0)
  File "C:\Users\igor.oliveira\Desktop\novoSinc\aplicacao\emails.py", line 105, in notifica_cliente_teste
    salva_ultima_notificacao_teste(cliente, tag) # Persistirá na tabela de envios independente do status do envio
    ^^^^^^^^^^^^^^^^^^^^^^^^^^^^^^^^^^^^^^^^^^^^
  File "C:\Users\igor.oliveira\Desktop\novoSinc\aplicacao\queries.py", line 86, in salva_ultima_notificacao_teste
    set_ultima_matricula_servico(cliente, tag)
  File "C:\Users\igor.oliveira\Desktop\novoSinc\aplicacao\mysql.py", line 30, in set_ultima_matricula_servico
    item.save()
  File "C:\Python312\Lib\site-packages\django\db\models\base.py", line 814, in save
    self.save_base(
  File "C:\Python312\Lib\site-packages\django\db\models\base.py", line 877, in save_base
    updated = self._save_table(
              ^^^^^^^^^^^^^^^^^
  File "C:\Python312\Lib\site-packages\django\db\models\base.py", line 1020, in _save_table
    results = self._do_insert(
              ^^^^^^^^^^^^^^^^
  File "C:\Python312\Lib\site-packages\django\db\models\base.py", line 1061, in _do_insert
    return manager._insert(
           ^^^^^^^^^^^^^^^^
  File "C:\Python312\Lib\site-packages\django\db\models\manager.py", line 87, in manager_method
    return getattr(self.get_queryset(), name)(*args, **kwargs)
           ^^^^^^^^^^^^^^^^^^^^^^^^^^^^^^^^^^^^^^^^^^^^^^^^^^^
  File "C:\Python312\Lib\site-packages\django\db\models\query.py", line 1805, in _insert
    return query.get_compiler(using=using).execute_sql(returning_fields)
           ^^^^^^^^^^^^^^^^^^^^^^^^^^^^^^^^^^^^^^^^^^^^^^^^^^^^^^^^^^^^^
  File "C:\Python312\Lib\site-packages\django\db\models\sql\compiler.py", line 1822, in execute_sql
    cursor.execute(sql, params)
  File "C:\Python312\Lib\site-packages\django\db\backends\utils.py", line 102, in execute
    return super().execute(sql, params)
           ^^^^^^^^^^^^^^^^^^^^^^^^^^^^
  File "C:\Python312\Lib\site-packages\django\db\backends\utils.py", line 67, in execute
    return self._execute_with_wrappers(
           ^^^^^^^^^^^^^^^^^^^^^^^^^^^^
  File "C:\Python312\Lib\site-packages\django\db\backends\utils.py", line 80, in _execute_with_wrappers
    return executor(sql, params, many, context)
           ^^^^^^^^^^^^^^^^^^^^^^^^^^^^^^^^^^^^
  File "C:\Python312\Lib\site-packages\django\db\backends\utils.py", line 84, in _execute
    with self.db.wrap_database_errors:
  File "C:\Python312\Lib\site-packages\django\db\utils.py", line 91, in __exit__
    raise dj_exc_value.with_traceback(traceback) from exc_value
  File "C:\Python312\Lib\site-packages\django\db\backends\utils.py", line 89, in _execute
    return self.cursor.execute(sql, params)
           ^^^^^^^^^^^^^^^^^^^^^^^^^^^^^^^^
django.db.utils.IntegrityError: ERRO:  null value in column "contrato" of relation "aplicacao_envio" violates not-null constraint
DETAIL:  Registro que falhou contém (4076, null, igor.oliveira@copergas.com.br, 800191.GAS, 2024-02-06 14:58:30.010235+00, Enviado, Próximas a vencer, 08/02/2024).

"GET /aplicacao/teste_envio_proximas HTTP/1.1" 500 186295
"GET / HTTP/1.1" 200 7724
"GET /static/css/styles.css HTTP/1.1" 200 7897
"GET /static/favicon-16x16.png HTTP/1.1" 200 720
"GET /aplicacao/ HTTP/1.1" 200 7734
Internal Server Error: /aplicacao/teste_envio_proximas
Traceback (most recent call last):
  File "C:\Python312\Lib\site-packages\django\db\backends\utils.py", line 89, in _execute
    return self.cursor.execute(sql, params)
           ^^^^^^^^^^^^^^^^^^^^^^^^^^^^^^^^
psycopg2.errors.NotNullViolation: ERRO:  null value in column "contrato" of relation "aplicacao_envio" violates not-null constraint
DETAIL:  Registro que falhou contém (4342, null, igor.oliveira@copergas.com.br, 800191.GAS, 2024-02-06 15:40:08.505355+00, Enviado, Próximas a vencer, 08/02/2024).


The above exception was the direct cause of the following exception:

Traceback (most recent call last):
  File "C:\Python312\Lib\site-packages\django\core\handlers\exception.py", line 55, in inner
    response = get_response(request)
               ^^^^^^^^^^^^^^^^^^^^^
  File "C:\Python312\Lib\site-packages\django\core\handlers\base.py", line 197, in _get_response
    response = wrapped_callback(request, *callback_args, **callback_kwargs)
               ^^^^^^^^^^^^^^^^^^^^^^^^^^^^^^^^^^^^^^^^^^^^^^^^^^^^^^^^^^^^
  File "C:\Python312\Lib\site-packages\django\contrib\auth\decorators.py", line 23, in _wrapper_view
    return view_func(request, *args, **kwargs)
           ^^^^^^^^^^^^^^^^^^^^^^^^^^^^^^^^^^^
  File "C:\Users\igor.oliveira\Desktop\novoSinc\aplicacao\views.py", line 167, in testa_envio_proximas
    notificar_clientes_teste(2,clientes)
  File "C:\Users\igor.oliveira\Desktop\novoSinc\aplicacao\emails.py", line 129, in notificar_clientes_teste
    notifica_cliente_teste(tag,cliente,0)
  File "C:\Users\igor.oliveira\Desktop\novoSinc\aplicacao\emails.py", line 105, in notifica_cliente_teste
    salva_ultima_notificacao_teste(cliente, tag) # Persistirá na tabela de envios independente do status do envio
    ^^^^^^^^^^^^^^^^^^^^^^^^^^^^^^^^^^^^^^^^^^^^
  File "C:\Users\igor.oliveira\Desktop\novoSinc\aplicacao\queries.py", line 86, in salva_ultima_notificacao_teste
    set_ultima_matricula_servico(cliente, tag)
  File "C:\Users\igor.oliveira\Desktop\novoSinc\aplicacao\mysql.py", line 30, in set_ultima_matricula_servico
    item.save()
  File "C:\Python312\Lib\site-packages\django\db\models\base.py", line 814, in save
    self.save_base(
  File "C:\Python312\Lib\site-packages\django\db\models\base.py", line 877, in save_base
    updated = self._save_table(
              ^^^^^^^^^^^^^^^^^
  File "C:\Python312\Lib\site-packages\django\db\models\base.py", line 1020, in _save_table
    results = self._do_insert(
              ^^^^^^^^^^^^^^^^
  File "C:\Python312\Lib\site-packages\django\db\models\base.py", line 1061, in _do_insert
    return manager._insert(
           ^^^^^^^^^^^^^^^^
  File "C:\Python312\Lib\site-packages\django\db\models\manager.py", line 87, in manager_method
    return getattr(self.get_queryset(), name)(*args, **kwargs)
           ^^^^^^^^^^^^^^^^^^^^^^^^^^^^^^^^^^^^^^^^^^^^^^^^^^^
  File "C:\Python312\Lib\site-packages\django\db\models\query.py", line 1805, in _insert
    return query.get_compiler(using=using).execute_sql(returning_fields)
           ^^^^^^^^^^^^^^^^^^^^^^^^^^^^^^^^^^^^^^^^^^^^^^^^^^^^^^^^^^^^^
  File "C:\Python312\Lib\site-packages\django\db\models\sql\compiler.py", line 1822, in execute_sql
    cursor.execute(sql, params)
  File "C:\Python312\Lib\site-packages\django\db\backends\utils.py", line 102, in execute
    return super().execute(sql, params)
           ^^^^^^^^^^^^^^^^^^^^^^^^^^^^
  File "C:\Python312\Lib\site-packages\django\db\backends\utils.py", line 67, in execute
    return self._execute_with_wrappers(
           ^^^^^^^^^^^^^^^^^^^^^^^^^^^^
  File "C:\Python312\Lib\site-packages\django\db\backends\utils.py", line 80, in _execute_with_wrappers
    return executor(sql, params, many, context)
           ^^^^^^^^^^^^^^^^^^^^^^^^^^^^^^^^^^^^
  File "C:\Python312\Lib\site-packages\django\db\backends\utils.py", line 84, in _execute
    with self.db.wrap_database_errors:
  File "C:\Python312\Lib\site-packages\django\db\utils.py", line 91, in __exit__
    raise dj_exc_value.with_traceback(traceback) from exc_value
  File "C:\Python312\Lib\site-packages\django\db\backends\utils.py", line 89, in _execute
    return self.cursor.execute(sql, params)
           ^^^^^^^^^^^^^^^^^^^^^^^^^^^^^^^^
django.db.utils.IntegrityError: ERRO:  null value in column "contrato" of relation "aplicacao_envio" violates not-null constraint
DETAIL:  Registro que falhou contém (4342, null, igor.oliveira@copergas.com.br, 800191.GAS, 2024-02-06 15:40:08.505355+00, Enviado, Próximas a vencer, 08/02/2024).

"GET /aplicacao/teste_envio_proximas HTTP/1.1" 500 186295
Not Found: /favicon.ico
"GET /favicon.ico HTTP/1.1" 404 5004
"GET / HTTP/1.1" 200 7724
"GET /static/images/copergas-sinc-sf.png HTTP/1.1" 200 46814
"GET /static/apple-touch-icon.png HTTP/1.1" 200 14801
"GET /static/favicon-16x16.png HTTP/1.1" 200 720
"GET /aplicacao/ HTTP/1.1" 200 7734
Internal Server Error: /aplicacao/teste_envio_proximas
Traceback (most recent call last):
  File "C:\Python312\Lib\site-packages\django\core\handlers\exception.py", line 55, in inner
    response = get_response(request)
               ^^^^^^^^^^^^^^^^^^^^^
  File "C:\Python312\Lib\site-packages\django\core\handlers\base.py", line 197, in _get_response
    response = wrapped_callback(request, *callback_args, **callback_kwargs)
               ^^^^^^^^^^^^^^^^^^^^^^^^^^^^^^^^^^^^^^^^^^^^^^^^^^^^^^^^^^^^
  File "C:\Python312\Lib\site-packages\django\contrib\auth\decorators.py", line 23, in _wrapper_view
    return view_func(request, *args, **kwargs)
           ^^^^^^^^^^^^^^^^^^^^^^^^^^^^^^^^^^^
  File "C:\Users\igor.oliveira\Desktop\novoSinc\aplicacao\views.py", line 167, in testa_envio_proximas
    notificar_clientes_teste(2,clientes)
  File "C:\Users\igor.oliveira\Desktop\novoSinc\aplicacao\emails.py", line 134, in notificar_clientes_teste
    emails = Modelo.objects.filter(id=1).emails
             ^^^^^^^^^^^^^^^^^^^^^^^^^^^^^^^^^^
AttributeError: 'QuerySet' object has no attribute 'emails'
"GET /aplicacao/teste_envio_proximas HTTP/1.1" 500 94631
Not Found: /favicon.ico
"GET /favicon.ico HTTP/1.1" 404 5004
C:\Users\igor.oliveira\Desktop\novoSinc\aplicacao\queries.py changed, reloading.
Watching for file changes with StatReloader
C:\Users\igor.oliveira\Desktop\novoSinc\aplicacao\queries.py changed, reloading.
Watching for file changes with StatReloader
C:\Users\igor.oliveira\Desktop\novoSinc\aplicacao\emails.py changed, reloading.
Watching for file changes with StatReloader
C:\Users\igor.oliveira\Desktop\novoSinc\aplicacao\emails.py changed, reloading.
Watching for file changes with StatReloader
"GET / HTTP/1.1" 200 7724
"GET /static/favicon-32x32.png HTTP/1.1" 200 1391
"GET /aplicacao/modelos HTTP/1.1" 200 15611
Internal Server Error: /aplicacao/deleta_modelo/3/
Traceback (most recent call last):
  File "C:\Python312\Lib\site-packages\django\core\handlers\exception.py", line 55, in inner
    response = get_response(request)
               ^^^^^^^^^^^^^^^^^^^^^
  File "C:\Python312\Lib\site-packages\django\core\handlers\base.py", line 197, in _get_response
    response = wrapped_callback(request, *callback_args, **callback_kwargs)
               ^^^^^^^^^^^^^^^^^^^^^^^^^^^^^^^^^^^^^^^^^^^^^^^^^^^^^^^^^^^^
  File "C:\Python312\Lib\site-packages\django\contrib\auth\decorators.py", line 23, in _wrapper_view
    return view_func(request, *args, **kwargs)
           ^^^^^^^^^^^^^^^^^^^^^^^^^^^^^^^^^^^
  File "C:\Users\igor.oliveira\Desktop\novoSinc\aplicacao\views.py", line 125, in deleta_modelo
    return render(request, 'pages/modelos.html',context)
                                                ^^^^^^^
NameError: name 'context' is not defined
"GET /aplicacao/deleta_modelo/3/ HTTP/1.1" 500 76135
Not Found: /favicon.ico
"GET /favicon.ico HTTP/1.1" 404 5004
C:\Users\igor.oliveira\Desktop\novoSinc\aplicacao\views.py changed, reloading.
Watching for file changes with StatReloader
"GET /aplicacao/deleta_modelo/3/ HTTP/1.1" 200 6670
"GET /aplicacao/modelos HTTP/1.1" 200 13830
C:\Users\igor.oliveira\Desktop\novoSinc\aplicacao\views.py changed, reloading.
Watching for file changes with StatReloader
C:\Users\igor.oliveira\Desktop\novoSinc\aplicacao\views.py changed, reloading.
Watching for file changes with StatReloader
"GET /aplicacao/deleta_modelo/4/ HTTP/1.1" 200 12048
"GET /aplicacao/deleta_modelo/5/ HTTP/1.1" 200 10266
"GET /aplicacao/exibe_modelo/2/ HTTP/1.1" 200 17165
Not Found: /aplicacao/exibe_modelo/2/{{ CAMINHO1 }}
"GET /aplicacao/exibe_modelo/2/%7B%7B%20CAMINHO1%20%7D%7D HTTP/1.1" 404 5100
Not Found: /aplicacao/exibe_modelo/2/{{ CAMINHO2 }}
"GET /aplicacao/exibe_modelo/2/%7B%7B%20CAMINHO2%20%7D%7D HTTP/1.1" 404 5100
"GET /aplicacao/modelos HTTP/1.1" 200 10266
"GET /aplicacao/exibe_modelo/2/ HTTP/1.1" 200 17196
Not Found: /aplicacao/exibe_modelo/2/{{ CAMINHO1 }}
"GET /aplicacao/exibe_modelo/2/%7B%7B%20CAMINHO1%20%7D%7D HTTP/1.1" 404 5100
Not Found: /aplicacao/exibe_modelo/2/{{ CAMINHO2 }}
"GET /aplicacao/exibe_modelo/2/%7B%7B%20CAMINHO2%20%7D%7D HTTP/1.1" 404 5100
Internal Server Error: /aplicacao/exibe_modelo/2/
Traceback (most recent call last):
  File "C:\Python312\Lib\site-packages\django\core\handlers\exception.py", line 55, in inner
    response = get_response(request)
               ^^^^^^^^^^^^^^^^^^^^^
  File "C:\Python312\Lib\site-packages\django\core\handlers\base.py", line 197, in _get_response
    response = wrapped_callback(request, *callback_args, **callback_kwargs)
               ^^^^^^^^^^^^^^^^^^^^^^^^^^^^^^^^^^^^^^^^^^^^^^^^^^^^^^^^^^^^
  File "C:\Python312\Lib\site-packages\django\contrib\auth\decorators.py", line 23, in _wrapper_view
    return view_func(request, *args, **kwargs)
           ^^^^^^^^^^^^^^^^^^^^^^^^^^^^^^^^^^^
  File "C:\Users\igor.oliveira\Desktop\novoSinc\aplicacao\views.py", line 110, in exibe_modelo
    return render(request, "pages/exibe_modelo.html", context)
           ^^^^^^^^^^^^^^^^^^^^^^^^^^^^^^^^^^^^^^^^^^^^^^^^^^^
  File "C:\Python312\Lib\site-packages\django\shortcuts.py", line 24, in render
    content = loader.render_to_string(template_name, context, request, using=using)
              ^^^^^^^^^^^^^^^^^^^^^^^^^^^^^^^^^^^^^^^^^^^^^^^^^^^^^^^^^^^^^^^^^^^^^
  File "C:\Python312\Lib\site-packages\django\template\loader.py", line 62, in render_to_string
    return template.render(context, request)
           ^^^^^^^^^^^^^^^^^^^^^^^^^^^^^^^^^
  File "C:\Python312\Lib\site-packages\django\template\backends\django.py", line 61, in render
    return self.template.render(context)
           ^^^^^^^^^^^^^^^^^^^^^^^^^^^^^
  File "C:\Python312\Lib\site-packages\django\template\base.py", line 175, in render
    return self._render(context)
           ^^^^^^^^^^^^^^^^^^^^^
  File "C:\Python312\Lib\site-packages\django\template\base.py", line 167, in _render
    return self.nodelist.render(context)
           ^^^^^^^^^^^^^^^^^^^^^^^^^^^^^
  File "C:\Python312\Lib\site-packages\django\template\base.py", line 1005, in render
    return SafeString("".join([node.render_annotated(context) for node in self]))
                               ^^^^^^^^^^^^^^^^^^^^^^^^^^^^^^
  File "C:\Python312\Lib\site-packages\django\template\base.py", line 966, in render_annotated
    return self.render(context)
           ^^^^^^^^^^^^^^^^^^^^
  File "C:\Python312\Lib\site-packages\django\template\loader_tags.py", line 157, in render
    return compiled_parent._render(context)
           ^^^^^^^^^^^^^^^^^^^^^^^^^^^^^^^^
  File "C:\Python312\Lib\site-packages\django\template\base.py", line 167, in _render
    return self.nodelist.render(context)
           ^^^^^^^^^^^^^^^^^^^^^^^^^^^^^
  File "C:\Python312\Lib\site-packages\django\template\base.py", line 1005, in render
    return SafeString("".join([node.render_annotated(context) for node in self]))
                               ^^^^^^^^^^^^^^^^^^^^^^^^^^^^^^
  File "C:\Python312\Lib\site-packages\django\template\base.py", line 966, in render_annotated
    return self.render(context)
           ^^^^^^^^^^^^^^^^^^^^
  File "C:\Python312\Lib\site-packages\django\template\loader_tags.py", line 63, in render
    result = block.nodelist.render(context)
             ^^^^^^^^^^^^^^^^^^^^^^^^^^^^^^
  File "C:\Python312\Lib\site-packages\django\template\base.py", line 1005, in render
    return SafeString("".join([node.render_annotated(context) for node in self]))
                               ^^^^^^^^^^^^^^^^^^^^^^^^^^^^^^
  File "C:\Python312\Lib\site-packages\django\template\base.py", line 966, in render_annotated
    return self.render(context)
           ^^^^^^^^^^^^^^^^^^^^
  File "C:\Python312\Lib\site-packages\django\template\loader_tags.py", line 197, in render
    template = context.template.engine.select_template(template_name)
               ^^^^^^^^^^^^^^^^^^^^^^^^^^^^^^^^^^^^^^^^^^^^^^^^^^^^^^
  File "C:\Python312\Lib\site-packages\django\template\engine.py", line 206, in select_template
    return self.get_template(template_name)
           ^^^^^^^^^^^^^^^^^^^^^^^^^^^^^^^^
  File "C:\Python312\Lib\site-packages\django\template\engine.py", line 175, in get_template
    template, origin = self.find_template(template_name)
                       ^^^^^^^^^^^^^^^^^^^^^^^^^^^^^^^^^
  File "C:\Python312\Lib\site-packages\django\template\engine.py", line 157, in find_template
    template = loader.get_template(name, skip=skip)
               ^^^^^^^^^^^^^^^^^^^^^^^^^^^^^^^^^^^^
  File "C:\Python312\Lib\site-packages\django\template\loaders\cached.py", line 57, in get_template
    template = super().get_template(template_name, skip)
               ^^^^^^^^^^^^^^^^^^^^^^^^^^^^^^^^^^^^^^^^^
  File "C:\Python312\Lib\site-packages\django\template\loaders\base.py", line 28, in get_template
    return Template(
           ^^^^^^^^^
  File "C:\Python312\Lib\site-packages\django\template\base.py", line 154, in __init__
    self.nodelist = self.compile_nodelist()
                    ^^^^^^^^^^^^^^^^^^^^^^^
  File "C:\Python312\Lib\site-packages\django\template\base.py", line 200, in compile_nodelist
    return parser.parse()
           ^^^^^^^^^^^^^^
  File "C:\Python312\Lib\site-packages\django\template\base.py", line 513, in parse
    raise self.error(token, e)
  File "C:\Python312\Lib\site-packages\django\template\base.py", line 511, in parse
    compiled_result = compile_func(self, token)
                      ^^^^^^^^^^^^^^^^^^^^^^^^^
  File "C:\Python312\Lib\site-packages\django\template\defaulttags.py", line 852, in do_for
    sequence = parser.compile_filter(bits[in_index + 1])
               ^^^^^^^^^^^^^^^^^^^^^^^^^^^^^^^^^^^^^^^^^
  File "C:\Python312\Lib\site-packages\django\template\base.py", line 600, in compile_filter
    return FilterExpression(token, self)
           ^^^^^^^^^^^^^^^^^^^^^^^^^^^^^
  File "C:\Python312\Lib\site-packages\django\template\base.py", line 703, in __init__
    raise TemplateSyntaxError(
django.template.exceptions.TemplateSyntaxError: Could not parse the remainder: '(",")' from 'modelo.emails.split(",")'
"GET /aplicacao/exibe_modelo/2/ HTTP/1.1" 500 213800
Not Found: /favicon.ico
"GET /favicon.ico HTTP/1.1" 404 5004
Internal Server Error: /aplicacao/exibe_modelo/2/
Traceback (most recent call last):
  File "C:\Python312\Lib\site-packages\django\core\handlers\exception.py", line 55, in inner
    response = get_response(request)
               ^^^^^^^^^^^^^^^^^^^^^
  File "C:\Python312\Lib\site-packages\django\core\handlers\base.py", line 197, in _get_response
    response = wrapped_callback(request, *callback_args, **callback_kwargs)
               ^^^^^^^^^^^^^^^^^^^^^^^^^^^^^^^^^^^^^^^^^^^^^^^^^^^^^^^^^^^^
  File "C:\Python312\Lib\site-packages\django\contrib\auth\decorators.py", line 23, in _wrapper_view
    return view_func(request, *args, **kwargs)
           ^^^^^^^^^^^^^^^^^^^^^^^^^^^^^^^^^^^
  File "C:\Users\igor.oliveira\Desktop\novoSinc\aplicacao\views.py", line 110, in exibe_modelo
    return render(request, "pages/exibe_modelo.html", context)
           ^^^^^^^^^^^^^^^^^^^^^^^^^^^^^^^^^^^^^^^^^^^^^^^^^^^
  File "C:\Python312\Lib\site-packages\django\shortcuts.py", line 24, in render
    content = loader.render_to_string(template_name, context, request, using=using)
              ^^^^^^^^^^^^^^^^^^^^^^^^^^^^^^^^^^^^^^^^^^^^^^^^^^^^^^^^^^^^^^^^^^^^^
  File "C:\Python312\Lib\site-packages\django\template\loader.py", line 62, in render_to_string
    return template.render(context, request)
           ^^^^^^^^^^^^^^^^^^^^^^^^^^^^^^^^^
  File "C:\Python312\Lib\site-packages\django\template\backends\django.py", line 61, in render
    return self.template.render(context)
           ^^^^^^^^^^^^^^^^^^^^^^^^^^^^^
  File "C:\Python312\Lib\site-packages\django\template\base.py", line 175, in render
    return self._render(context)
           ^^^^^^^^^^^^^^^^^^^^^
  File "C:\Python312\Lib\site-packages\django\template\base.py", line 167, in _render
    return self.nodelist.render(context)
           ^^^^^^^^^^^^^^^^^^^^^^^^^^^^^
  File "C:\Python312\Lib\site-packages\django\template\base.py", line 1005, in render
    return SafeString("".join([node.render_annotated(context) for node in self]))
                               ^^^^^^^^^^^^^^^^^^^^^^^^^^^^^^
  File "C:\Python312\Lib\site-packages\django\template\base.py", line 966, in render_annotated
    return self.render(context)
           ^^^^^^^^^^^^^^^^^^^^
  File "C:\Python312\Lib\site-packages\django\template\loader_tags.py", line 157, in render
    return compiled_parent._render(context)
           ^^^^^^^^^^^^^^^^^^^^^^^^^^^^^^^^
  File "C:\Python312\Lib\site-packages\django\template\base.py", line 167, in _render
    return self.nodelist.render(context)
           ^^^^^^^^^^^^^^^^^^^^^^^^^^^^^
  File "C:\Python312\Lib\site-packages\django\template\base.py", line 1005, in render
    return SafeString("".join([node.render_annotated(context) for node in self]))
                               ^^^^^^^^^^^^^^^^^^^^^^^^^^^^^^
  File "C:\Python312\Lib\site-packages\django\template\base.py", line 966, in render_annotated
    return self.render(context)
           ^^^^^^^^^^^^^^^^^^^^
  File "C:\Python312\Lib\site-packages\django\template\loader_tags.py", line 63, in render
    result = block.nodelist.render(context)
             ^^^^^^^^^^^^^^^^^^^^^^^^^^^^^^
  File "C:\Python312\Lib\site-packages\django\template\base.py", line 1005, in render
    return SafeString("".join([node.render_annotated(context) for node in self]))
                               ^^^^^^^^^^^^^^^^^^^^^^^^^^^^^^
  File "C:\Python312\Lib\site-packages\django\template\base.py", line 966, in render_annotated
    return self.render(context)
           ^^^^^^^^^^^^^^^^^^^^
  File "C:\Python312\Lib\site-packages\django\template\loader_tags.py", line 197, in render
    template = context.template.engine.select_template(template_name)
               ^^^^^^^^^^^^^^^^^^^^^^^^^^^^^^^^^^^^^^^^^^^^^^^^^^^^^^
  File "C:\Python312\Lib\site-packages\django\template\engine.py", line 206, in select_template
    return self.get_template(template_name)
           ^^^^^^^^^^^^^^^^^^^^^^^^^^^^^^^^
  File "C:\Python312\Lib\site-packages\django\template\engine.py", line 175, in get_template
    template, origin = self.find_template(template_name)
                       ^^^^^^^^^^^^^^^^^^^^^^^^^^^^^^^^^
  File "C:\Python312\Lib\site-packages\django\template\engine.py", line 157, in find_template
    template = loader.get_template(name, skip=skip)
               ^^^^^^^^^^^^^^^^^^^^^^^^^^^^^^^^^^^^
  File "C:\Python312\Lib\site-packages\django\template\loaders\cached.py", line 57, in get_template
    template = super().get_template(template_name, skip)
               ^^^^^^^^^^^^^^^^^^^^^^^^^^^^^^^^^^^^^^^^^
  File "C:\Python312\Lib\site-packages\django\template\loaders\base.py", line 28, in get_template
    return Template(
           ^^^^^^^^^
  File "C:\Python312\Lib\site-packages\django\template\base.py", line 154, in __init__
    self.nodelist = self.compile_nodelist()
                    ^^^^^^^^^^^^^^^^^^^^^^^
  File "C:\Python312\Lib\site-packages\django\template\base.py", line 200, in compile_nodelist
    return parser.parse()
           ^^^^^^^^^^^^^^
  File "C:\Python312\Lib\site-packages\django\template\base.py", line 513, in parse
    raise self.error(token, e)
  File "C:\Python312\Lib\site-packages\django\template\base.py", line 511, in parse
    compiled_result = compile_func(self, token)
                      ^^^^^^^^^^^^^^^^^^^^^^^^^
  File "C:\Python312\Lib\site-packages\django\template\defaulttags.py", line 852, in do_for
    sequence = parser.compile_filter(bits[in_index + 1])
               ^^^^^^^^^^^^^^^^^^^^^^^^^^^^^^^^^^^^^^^^^
  File "C:\Python312\Lib\site-packages\django\template\base.py", line 600, in compile_filter
    return FilterExpression(token, self)
           ^^^^^^^^^^^^^^^^^^^^^^^^^^^^^
  File "C:\Python312\Lib\site-packages\django\template\base.py", line 703, in __init__
    raise TemplateSyntaxError(
django.template.exceptions.TemplateSyntaxError: Could not parse the remainder: '(',')' from 'modelo.emails.split(',')'
"GET /aplicacao/exibe_modelo/2/ HTTP/1.1" 500 213796
"GET / HTTP/1.1" 200 7724
"GET /aplicacao/modelos HTTP/1.1" 200 10266
Internal Server Error: /aplicacao/exibe_modelo/2/
Traceback (most recent call last):
  File "C:\Python312\Lib\site-packages\django\core\handlers\exception.py", line 55, in inner
    response = get_response(request)
               ^^^^^^^^^^^^^^^^^^^^^
  File "C:\Python312\Lib\site-packages\django\core\handlers\base.py", line 197, in _get_response
    response = wrapped_callback(request, *callback_args, **callback_kwargs)
               ^^^^^^^^^^^^^^^^^^^^^^^^^^^^^^^^^^^^^^^^^^^^^^^^^^^^^^^^^^^^
  File "C:\Python312\Lib\site-packages\django\contrib\auth\decorators.py", line 23, in _wrapper_view
    return view_func(request, *args, **kwargs)
           ^^^^^^^^^^^^^^^^^^^^^^^^^^^^^^^^^^^
  File "C:\Users\igor.oliveira\Desktop\novoSinc\aplicacao\views.py", line 110, in exibe_modelo
    return render(request, "pages/exibe_modelo.html", context)
           ^^^^^^^^^^^^^^^^^^^^^^^^^^^^^^^^^^^^^^^^^^^^^^^^^^^
  File "C:\Python312\Lib\site-packages\django\shortcuts.py", line 24, in render
    content = loader.render_to_string(template_name, context, request, using=using)
              ^^^^^^^^^^^^^^^^^^^^^^^^^^^^^^^^^^^^^^^^^^^^^^^^^^^^^^^^^^^^^^^^^^^^^
  File "C:\Python312\Lib\site-packages\django\template\loader.py", line 62, in render_to_string
    return template.render(context, request)
           ^^^^^^^^^^^^^^^^^^^^^^^^^^^^^^^^^
  File "C:\Python312\Lib\site-packages\django\template\backends\django.py", line 61, in render
    return self.template.render(context)
           ^^^^^^^^^^^^^^^^^^^^^^^^^^^^^
  File "C:\Python312\Lib\site-packages\django\template\base.py", line 175, in render
    return self._render(context)
           ^^^^^^^^^^^^^^^^^^^^^
  File "C:\Python312\Lib\site-packages\django\template\base.py", line 167, in _render
    return self.nodelist.render(context)
           ^^^^^^^^^^^^^^^^^^^^^^^^^^^^^
  File "C:\Python312\Lib\site-packages\django\template\base.py", line 1005, in render
    return SafeString("".join([node.render_annotated(context) for node in self]))
                               ^^^^^^^^^^^^^^^^^^^^^^^^^^^^^^
  File "C:\Python312\Lib\site-packages\django\template\base.py", line 966, in render_annotated
    return self.render(context)
           ^^^^^^^^^^^^^^^^^^^^
  File "C:\Python312\Lib\site-packages\django\template\loader_tags.py", line 157, in render
    return compiled_parent._render(context)
           ^^^^^^^^^^^^^^^^^^^^^^^^^^^^^^^^
  File "C:\Python312\Lib\site-packages\django\template\base.py", line 167, in _render
    return self.nodelist.render(context)
           ^^^^^^^^^^^^^^^^^^^^^^^^^^^^^
  File "C:\Python312\Lib\site-packages\django\template\base.py", line 1005, in render
    return SafeString("".join([node.render_annotated(context) for node in self]))
                               ^^^^^^^^^^^^^^^^^^^^^^^^^^^^^^
  File "C:\Python312\Lib\site-packages\django\template\base.py", line 966, in render_annotated
    return self.render(context)
           ^^^^^^^^^^^^^^^^^^^^
  File "C:\Python312\Lib\site-packages\django\template\loader_tags.py", line 63, in render
    result = block.nodelist.render(context)
             ^^^^^^^^^^^^^^^^^^^^^^^^^^^^^^
  File "C:\Python312\Lib\site-packages\django\template\base.py", line 1005, in render
    return SafeString("".join([node.render_annotated(context) for node in self]))
                               ^^^^^^^^^^^^^^^^^^^^^^^^^^^^^^
  File "C:\Python312\Lib\site-packages\django\template\base.py", line 966, in render_annotated
    return self.render(context)
           ^^^^^^^^^^^^^^^^^^^^
  File "C:\Python312\Lib\site-packages\django\template\loader_tags.py", line 197, in render
    template = context.template.engine.select_template(template_name)
               ^^^^^^^^^^^^^^^^^^^^^^^^^^^^^^^^^^^^^^^^^^^^^^^^^^^^^^
  File "C:\Python312\Lib\site-packages\django\template\engine.py", line 206, in select_template
    return self.get_template(template_name)
           ^^^^^^^^^^^^^^^^^^^^^^^^^^^^^^^^
  File "C:\Python312\Lib\site-packages\django\template\engine.py", line 175, in get_template
    template, origin = self.find_template(template_name)
                       ^^^^^^^^^^^^^^^^^^^^^^^^^^^^^^^^^
  File "C:\Python312\Lib\site-packages\django\template\engine.py", line 157, in find_template
    template = loader.get_template(name, skip=skip)
               ^^^^^^^^^^^^^^^^^^^^^^^^^^^^^^^^^^^^
  File "C:\Python312\Lib\site-packages\django\template\loaders\cached.py", line 57, in get_template
    template = super().get_template(template_name, skip)
               ^^^^^^^^^^^^^^^^^^^^^^^^^^^^^^^^^^^^^^^^^
  File "C:\Python312\Lib\site-packages\django\template\loaders\base.py", line 28, in get_template
    return Template(
           ^^^^^^^^^
  File "C:\Python312\Lib\site-packages\django\template\base.py", line 154, in __init__
    self.nodelist = self.compile_nodelist()
                    ^^^^^^^^^^^^^^^^^^^^^^^
  File "C:\Python312\Lib\site-packages\django\template\base.py", line 200, in compile_nodelist
    return parser.parse()
           ^^^^^^^^^^^^^^
  File "C:\Python312\Lib\site-packages\django\template\base.py", line 513, in parse
    raise self.error(token, e)
  File "C:\Python312\Lib\site-packages\django\template\base.py", line 511, in parse
    compiled_result = compile_func(self, token)
                      ^^^^^^^^^^^^^^^^^^^^^^^^^
  File "C:\Python312\Lib\site-packages\django\template\defaulttags.py", line 852, in do_for
    sequence = parser.compile_filter(bits[in_index + 1])
               ^^^^^^^^^^^^^^^^^^^^^^^^^^^^^^^^^^^^^^^^^
  File "C:\Python312\Lib\site-packages\django\template\base.py", line 600, in compile_filter
    return FilterExpression(token, self)
           ^^^^^^^^^^^^^^^^^^^^^^^^^^^^^
  File "C:\Python312\Lib\site-packages\django\template\base.py", line 703, in __init__
    raise TemplateSyntaxError(
django.template.exceptions.TemplateSyntaxError: Could not parse the remainder: '(',')' from 'modelo.emails.split(',')'
"GET /aplicacao/exibe_modelo/2/ HTTP/1.1" 500 214387
Internal Server Error: /aplicacao/exibe_modelo/2/
Traceback (most recent call last):
  File "C:\Python312\Lib\site-packages\django\template\defaulttags.py", line 1026, in find_library
    return parser.libraries[name]
           ~~~~~~~~~~~~~~~~^^^^^^
KeyError: 'custom_filters'

During handling of the above exception, another exception occurred:

Traceback (most recent call last):
  File "C:\Python312\Lib\site-packages\django\core\handlers\exception.py", line 55, in inner
    response = get_response(request)
               ^^^^^^^^^^^^^^^^^^^^^
  File "C:\Python312\Lib\site-packages\django\core\handlers\base.py", line 197, in _get_response
    response = wrapped_callback(request, *callback_args, **callback_kwargs)
               ^^^^^^^^^^^^^^^^^^^^^^^^^^^^^^^^^^^^^^^^^^^^^^^^^^^^^^^^^^^^
  File "C:\Python312\Lib\site-packages\django\contrib\auth\decorators.py", line 23, in _wrapper_view
    return view_func(request, *args, **kwargs)
           ^^^^^^^^^^^^^^^^^^^^^^^^^^^^^^^^^^^
  File "C:\Users\igor.oliveira\Desktop\novoSinc\aplicacao\views.py", line 110, in exibe_modelo
    return render(request, "pages/exibe_modelo.html", context)
           ^^^^^^^^^^^^^^^^^^^^^^^^^^^^^^^^^^^^^^^^^^^^^^^^^^^
  File "C:\Python312\Lib\site-packages\django\shortcuts.py", line 24, in render
    content = loader.render_to_string(template_name, context, request, using=using)
              ^^^^^^^^^^^^^^^^^^^^^^^^^^^^^^^^^^^^^^^^^^^^^^^^^^^^^^^^^^^^^^^^^^^^^
  File "C:\Python312\Lib\site-packages\django\template\loader.py", line 62, in render_to_string
    return template.render(context, request)
           ^^^^^^^^^^^^^^^^^^^^^^^^^^^^^^^^^
  File "C:\Python312\Lib\site-packages\django\template\backends\django.py", line 61, in render
    return self.template.render(context)
           ^^^^^^^^^^^^^^^^^^^^^^^^^^^^^
  File "C:\Python312\Lib\site-packages\django\template\base.py", line 175, in render
    return self._render(context)
           ^^^^^^^^^^^^^^^^^^^^^
  File "C:\Python312\Lib\site-packages\django\template\base.py", line 167, in _render
    return self.nodelist.render(context)
           ^^^^^^^^^^^^^^^^^^^^^^^^^^^^^
  File "C:\Python312\Lib\site-packages\django\template\base.py", line 1005, in render
    return SafeString("".join([node.render_annotated(context) for node in self]))
                               ^^^^^^^^^^^^^^^^^^^^^^^^^^^^^^
  File "C:\Python312\Lib\site-packages\django\template\base.py", line 966, in render_annotated
    return self.render(context)
           ^^^^^^^^^^^^^^^^^^^^
  File "C:\Python312\Lib\site-packages\django\template\loader_tags.py", line 157, in render
    return compiled_parent._render(context)
           ^^^^^^^^^^^^^^^^^^^^^^^^^^^^^^^^
  File "C:\Python312\Lib\site-packages\django\template\base.py", line 167, in _render
    return self.nodelist.render(context)
           ^^^^^^^^^^^^^^^^^^^^^^^^^^^^^
  File "C:\Python312\Lib\site-packages\django\template\base.py", line 1005, in render
    return SafeString("".join([node.render_annotated(context) for node in self]))
                               ^^^^^^^^^^^^^^^^^^^^^^^^^^^^^^
  File "C:\Python312\Lib\site-packages\django\template\base.py", line 966, in render_annotated
    return self.render(context)
           ^^^^^^^^^^^^^^^^^^^^
  File "C:\Python312\Lib\site-packages\django\template\loader_tags.py", line 63, in render
    result = block.nodelist.render(context)
             ^^^^^^^^^^^^^^^^^^^^^^^^^^^^^^
  File "C:\Python312\Lib\site-packages\django\template\base.py", line 1005, in render
    return SafeString("".join([node.render_annotated(context) for node in self]))
                               ^^^^^^^^^^^^^^^^^^^^^^^^^^^^^^
  File "C:\Python312\Lib\site-packages\django\template\base.py", line 966, in render_annotated
    return self.render(context)
           ^^^^^^^^^^^^^^^^^^^^
  File "C:\Python312\Lib\site-packages\django\template\loader_tags.py", line 197, in render
    template = context.template.engine.select_template(template_name)
               ^^^^^^^^^^^^^^^^^^^^^^^^^^^^^^^^^^^^^^^^^^^^^^^^^^^^^^
  File "C:\Python312\Lib\site-packages\django\template\engine.py", line 206, in select_template
    return self.get_template(template_name)
           ^^^^^^^^^^^^^^^^^^^^^^^^^^^^^^^^
  File "C:\Python312\Lib\site-packages\django\template\engine.py", line 175, in get_template
    template, origin = self.find_template(template_name)
                       ^^^^^^^^^^^^^^^^^^^^^^^^^^^^^^^^^
  File "C:\Python312\Lib\site-packages\django\template\engine.py", line 157, in find_template
    template = loader.get_template(name, skip=skip)
               ^^^^^^^^^^^^^^^^^^^^^^^^^^^^^^^^^^^^
  File "C:\Python312\Lib\site-packages\django\template\loaders\cached.py", line 57, in get_template
    template = super().get_template(template_name, skip)
               ^^^^^^^^^^^^^^^^^^^^^^^^^^^^^^^^^^^^^^^^^
  File "C:\Python312\Lib\site-packages\django\template\loaders\base.py", line 28, in get_template
    return Template(
           ^^^^^^^^^
  File "C:\Python312\Lib\site-packages\django\template\base.py", line 154, in __init__
    self.nodelist = self.compile_nodelist()
                    ^^^^^^^^^^^^^^^^^^^^^^^
  File "C:\Python312\Lib\site-packages\django\template\base.py", line 200, in compile_nodelist
    return parser.parse()
           ^^^^^^^^^^^^^^
  File "C:\Python312\Lib\site-packages\django\template\base.py", line 513, in parse
    raise self.error(token, e)
  File "C:\Python312\Lib\site-packages\django\template\base.py", line 511, in parse
    compiled_result = compile_func(self, token)
                      ^^^^^^^^^^^^^^^^^^^^^^^^^
  File "C:\Python312\Lib\site-packages\django\template\defaulttags.py", line 1088, in load
    lib = find_library(parser, name)
          ^^^^^^^^^^^^^^^^^^^^^^^^^^
  File "C:\Python312\Lib\site-packages\django\template\defaulttags.py", line 1028, in find_library
    raise TemplateSyntaxError(
django.template.exceptions.TemplateSyntaxError: 'custom_filters' is not a registered tag library. Must be one of:
admin_list
admin_modify
admin_urls
bootstrap_icons
cache
i18n
l10n
log
rest_framework
static
tz
"GET /aplicacao/exibe_modelo/2/ HTTP/1.1" 500 211518
Internal Server Error: /aplicacao/exibe_modelo/2/
Traceback (most recent call last):
  File "C:\Python312\Lib\site-packages\django\template\defaulttags.py", line 1026, in find_library
    return parser.libraries[name]
           ~~~~~~~~~~~~~~~~^^^^^^
KeyError: 'custom_filters'

During handling of the above exception, another exception occurred:

Traceback (most recent call last):
  File "C:\Python312\Lib\site-packages\django\core\handlers\exception.py", line 55, in inner
    response = get_response(request)
               ^^^^^^^^^^^^^^^^^^^^^
  File "C:\Python312\Lib\site-packages\django\core\handlers\base.py", line 197, in _get_response
    response = wrapped_callback(request, *callback_args, **callback_kwargs)
               ^^^^^^^^^^^^^^^^^^^^^^^^^^^^^^^^^^^^^^^^^^^^^^^^^^^^^^^^^^^^
  File "C:\Python312\Lib\site-packages\django\contrib\auth\decorators.py", line 23, in _wrapper_view
    return view_func(request, *args, **kwargs)
           ^^^^^^^^^^^^^^^^^^^^^^^^^^^^^^^^^^^
  File "C:\Users\igor.oliveira\Desktop\novoSinc\aplicacao\views.py", line 110, in exibe_modelo
    return render(request, "pages/exibe_modelo.html", context)
           ^^^^^^^^^^^^^^^^^^^^^^^^^^^^^^^^^^^^^^^^^^^^^^^^^^^
  File "C:\Python312\Lib\site-packages\django\shortcuts.py", line 24, in render
    content = loader.render_to_string(template_name, context, request, using=using)
              ^^^^^^^^^^^^^^^^^^^^^^^^^^^^^^^^^^^^^^^^^^^^^^^^^^^^^^^^^^^^^^^^^^^^^
  File "C:\Python312\Lib\site-packages\django\template\loader.py", line 62, in render_to_string
    return template.render(context, request)
           ^^^^^^^^^^^^^^^^^^^^^^^^^^^^^^^^^
  File "C:\Python312\Lib\site-packages\django\template\backends\django.py", line 61, in render
    return self.template.render(context)
           ^^^^^^^^^^^^^^^^^^^^^^^^^^^^^
  File "C:\Python312\Lib\site-packages\django\template\base.py", line 175, in render
    return self._render(context)
           ^^^^^^^^^^^^^^^^^^^^^
  File "C:\Python312\Lib\site-packages\django\template\base.py", line 167, in _render
    return self.nodelist.render(context)
           ^^^^^^^^^^^^^^^^^^^^^^^^^^^^^
  File "C:\Python312\Lib\site-packages\django\template\base.py", line 1005, in render
    return SafeString("".join([node.render_annotated(context) for node in self]))
                               ^^^^^^^^^^^^^^^^^^^^^^^^^^^^^^
  File "C:\Python312\Lib\site-packages\django\template\base.py", line 966, in render_annotated
    return self.render(context)
           ^^^^^^^^^^^^^^^^^^^^
  File "C:\Python312\Lib\site-packages\django\template\loader_tags.py", line 157, in render
    return compiled_parent._render(context)
           ^^^^^^^^^^^^^^^^^^^^^^^^^^^^^^^^
  File "C:\Python312\Lib\site-packages\django\template\base.py", line 167, in _render
    return self.nodelist.render(context)
           ^^^^^^^^^^^^^^^^^^^^^^^^^^^^^
  File "C:\Python312\Lib\site-packages\django\template\base.py", line 1005, in render
    return SafeString("".join([node.render_annotated(context) for node in self]))
                               ^^^^^^^^^^^^^^^^^^^^^^^^^^^^^^
  File "C:\Python312\Lib\site-packages\django\template\base.py", line 966, in render_annotated
    return self.render(context)
           ^^^^^^^^^^^^^^^^^^^^
  File "C:\Python312\Lib\site-packages\django\template\loader_tags.py", line 63, in render
    result = block.nodelist.render(context)
             ^^^^^^^^^^^^^^^^^^^^^^^^^^^^^^
  File "C:\Python312\Lib\site-packages\django\template\base.py", line 1005, in render
    return SafeString("".join([node.render_annotated(context) for node in self]))
                               ^^^^^^^^^^^^^^^^^^^^^^^^^^^^^^
  File "C:\Python312\Lib\site-packages\django\template\base.py", line 966, in render_annotated
    return self.render(context)
           ^^^^^^^^^^^^^^^^^^^^
  File "C:\Python312\Lib\site-packages\django\template\loader_tags.py", line 197, in render
    template = context.template.engine.select_template(template_name)
               ^^^^^^^^^^^^^^^^^^^^^^^^^^^^^^^^^^^^^^^^^^^^^^^^^^^^^^
  File "C:\Python312\Lib\site-packages\django\template\engine.py", line 206, in select_template
    return self.get_template(template_name)
           ^^^^^^^^^^^^^^^^^^^^^^^^^^^^^^^^
  File "C:\Python312\Lib\site-packages\django\template\engine.py", line 175, in get_template
    template, origin = self.find_template(template_name)
                       ^^^^^^^^^^^^^^^^^^^^^^^^^^^^^^^^^
  File "C:\Python312\Lib\site-packages\django\template\engine.py", line 157, in find_template
    template = loader.get_template(name, skip=skip)
               ^^^^^^^^^^^^^^^^^^^^^^^^^^^^^^^^^^^^
  File "C:\Python312\Lib\site-packages\django\template\loaders\cached.py", line 57, in get_template
    template = super().get_template(template_name, skip)
               ^^^^^^^^^^^^^^^^^^^^^^^^^^^^^^^^^^^^^^^^^
  File "C:\Python312\Lib\site-packages\django\template\loaders\base.py", line 28, in get_template
    return Template(
           ^^^^^^^^^
  File "C:\Python312\Lib\site-packages\django\template\base.py", line 154, in __init__
    self.nodelist = self.compile_nodelist()
                    ^^^^^^^^^^^^^^^^^^^^^^^
  File "C:\Python312\Lib\site-packages\django\template\base.py", line 200, in compile_nodelist
    return parser.parse()
           ^^^^^^^^^^^^^^
  File "C:\Python312\Lib\site-packages\django\template\base.py", line 513, in parse
    raise self.error(token, e)
  File "C:\Python312\Lib\site-packages\django\template\base.py", line 511, in parse
    compiled_result = compile_func(self, token)
                      ^^^^^^^^^^^^^^^^^^^^^^^^^
  File "C:\Python312\Lib\site-packages\django\template\defaulttags.py", line 1088, in load
    lib = find_library(parser, name)
          ^^^^^^^^^^^^^^^^^^^^^^^^^^
  File "C:\Python312\Lib\site-packages\django\template\defaulttags.py", line 1028, in find_library
    raise TemplateSyntaxError(
django.template.exceptions.TemplateSyntaxError: 'custom_filters' is not a registered tag library. Must be one of:
admin_list
admin_modify
admin_urls
bootstrap_icons
cache
i18n
l10n
log
rest_framework
static
tz
"GET /aplicacao/exibe_modelo/2/ HTTP/1.1" 500 211518
Watching for file changes with StatReloader
"GET /aplicacao/exibe_modelo/2/ HTTP/1.1" 200 17450
"GET /static/css/styles.css HTTP/1.1" 200 7897
Not Found: /aplicacao/exibe_modelo/2/{{ CAMINHO2 }}
"GET /aplicacao/exibe_modelo/2/%7B%7B%20CAMINHO2%20%7D%7D HTTP/1.1" 404 5100
Not Found: /aplicacao/exibe_modelo/2/{{ CAMINHO1 }}
"GET /aplicacao/exibe_modelo/2/%7B%7B%20CAMINHO1%20%7D%7D HTTP/1.1" 404 5100
Watching for file changes with StatReloader
Internal Server Error: /aplicacao/exibe_modelo/2/
Traceback (most recent call last):
  File "C:\Python312\Lib\site-packages\django\core\handlers\exception.py", line 55, in inner
    response = get_response(request)
               ^^^^^^^^^^^^^^^^^^^^^
  File "C:\Python312\Lib\site-packages\django\core\handlers\base.py", line 197, in _get_response
    response = wrapped_callback(request, *callback_args, **callback_kwargs)
               ^^^^^^^^^^^^^^^^^^^^^^^^^^^^^^^^^^^^^^^^^^^^^^^^^^^^^^^^^^^^
  File "C:\Python312\Lib\site-packages\django\contrib\auth\decorators.py", line 23, in _wrapper_view
    return view_func(request, *args, **kwargs)
           ^^^^^^^^^^^^^^^^^^^^^^^^^^^^^^^^^^^
  File "C:\Users\igor.oliveira\Desktop\novoSinc\aplicacao\views.py", line 110, in exibe_modelo
    return render(request, "pages/exibe_modelo.html", context)
           ^^^^^^^^^^^^^^^^^^^^^^^^^^^^^^^^^^^^^^^^^^^^^^^^^^^
  File "C:\Python312\Lib\site-packages\django\shortcuts.py", line 24, in render
    content = loader.render_to_string(template_name, context, request, using=using)
              ^^^^^^^^^^^^^^^^^^^^^^^^^^^^^^^^^^^^^^^^^^^^^^^^^^^^^^^^^^^^^^^^^^^^^
  File "C:\Python312\Lib\site-packages\django\template\loader.py", line 62, in render_to_string
    return template.render(context, request)
           ^^^^^^^^^^^^^^^^^^^^^^^^^^^^^^^^^
  File "C:\Python312\Lib\site-packages\django\template\backends\django.py", line 61, in render
    return self.template.render(context)
           ^^^^^^^^^^^^^^^^^^^^^^^^^^^^^
  File "C:\Python312\Lib\site-packages\django\template\base.py", line 175, in render
    return self._render(context)
           ^^^^^^^^^^^^^^^^^^^^^
  File "C:\Python312\Lib\site-packages\django\template\base.py", line 167, in _render
    return self.nodelist.render(context)
           ^^^^^^^^^^^^^^^^^^^^^^^^^^^^^
  File "C:\Python312\Lib\site-packages\django\template\base.py", line 1005, in render
    return SafeString("".join([node.render_annotated(context) for node in self]))
                               ^^^^^^^^^^^^^^^^^^^^^^^^^^^^^^
  File "C:\Python312\Lib\site-packages\django\template\base.py", line 966, in render_annotated
    return self.render(context)
           ^^^^^^^^^^^^^^^^^^^^
  File "C:\Python312\Lib\site-packages\django\template\loader_tags.py", line 157, in render
    return compiled_parent._render(context)
           ^^^^^^^^^^^^^^^^^^^^^^^^^^^^^^^^
  File "C:\Python312\Lib\site-packages\django\template\base.py", line 167, in _render
    return self.nodelist.render(context)
           ^^^^^^^^^^^^^^^^^^^^^^^^^^^^^
  File "C:\Python312\Lib\site-packages\django\template\base.py", line 1005, in render
    return SafeString("".join([node.render_annotated(context) for node in self]))
                               ^^^^^^^^^^^^^^^^^^^^^^^^^^^^^^
  File "C:\Python312\Lib\site-packages\django\template\base.py", line 966, in render_annotated
    return self.render(context)
           ^^^^^^^^^^^^^^^^^^^^
  File "C:\Python312\Lib\site-packages\django\template\loader_tags.py", line 63, in render
    result = block.nodelist.render(context)
             ^^^^^^^^^^^^^^^^^^^^^^^^^^^^^^
  File "C:\Python312\Lib\site-packages\django\template\base.py", line 1005, in render
    return SafeString("".join([node.render_annotated(context) for node in self]))
                               ^^^^^^^^^^^^^^^^^^^^^^^^^^^^^^
  File "C:\Python312\Lib\site-packages\django\template\base.py", line 966, in render_annotated
    return self.render(context)
           ^^^^^^^^^^^^^^^^^^^^
  File "C:\Python312\Lib\site-packages\django\template\loader_tags.py", line 197, in render
    template = context.template.engine.select_template(template_name)
               ^^^^^^^^^^^^^^^^^^^^^^^^^^^^^^^^^^^^^^^^^^^^^^^^^^^^^^
  File "C:\Python312\Lib\site-packages\django\template\engine.py", line 206, in select_template
    return self.get_template(template_name)
           ^^^^^^^^^^^^^^^^^^^^^^^^^^^^^^^^
  File "C:\Python312\Lib\site-packages\django\template\engine.py", line 175, in get_template
    template, origin = self.find_template(template_name)
                       ^^^^^^^^^^^^^^^^^^^^^^^^^^^^^^^^^
  File "C:\Python312\Lib\site-packages\django\template\engine.py", line 157, in find_template
    template = loader.get_template(name, skip=skip)
               ^^^^^^^^^^^^^^^^^^^^^^^^^^^^^^^^^^^^
  File "C:\Python312\Lib\site-packages\django\template\loaders\cached.py", line 57, in get_template
    template = super().get_template(template_name, skip)
               ^^^^^^^^^^^^^^^^^^^^^^^^^^^^^^^^^^^^^^^^^
  File "C:\Python312\Lib\site-packages\django\template\loaders\base.py", line 28, in get_template
    return Template(
           ^^^^^^^^^
  File "C:\Python312\Lib\site-packages\django\template\base.py", line 154, in __init__
    self.nodelist = self.compile_nodelist()
                    ^^^^^^^^^^^^^^^^^^^^^^^
  File "C:\Python312\Lib\site-packages\django\template\base.py", line 200, in compile_nodelist
    return parser.parse()
           ^^^^^^^^^^^^^^
  File "C:\Python312\Lib\site-packages\django\template\base.py", line 513, in parse
    raise self.error(token, e)
  File "C:\Python312\Lib\site-packages\django\template\base.py", line 511, in parse
    compiled_result = compile_func(self, token)
                      ^^^^^^^^^^^^^^^^^^^^^^^^^
  File "C:\Python312\Lib\site-packages\django\template\defaulttags.py", line 953, in do_if
    nodelist = parser.parse(("elif", "else", "endif"))
               ^^^^^^^^^^^^^^^^^^^^^^^^^^^^^^^^^^^^^^^
  File "C:\Python312\Lib\site-packages\django\template\base.py", line 513, in parse
    raise self.error(token, e)
  File "C:\Python312\Lib\site-packages\django\template\base.py", line 511, in parse
    compiled_result = compile_func(self, token)
                      ^^^^^^^^^^^^^^^^^^^^^^^^^
  File "C:\Python312\Lib\site-packages\django\template\defaulttags.py", line 852, in do_for
    sequence = parser.compile_filter(bits[in_index + 1])
               ^^^^^^^^^^^^^^^^^^^^^^^^^^^^^^^^^^^^^^^^^
  File "C:\Python312\Lib\site-packages\django\template\base.py", line 600, in compile_filter
    return FilterExpression(token, self)
           ^^^^^^^^^^^^^^^^^^^^^^^^^^^^^
  File "C:\Python312\Lib\site-packages\django\template\base.py", line 703, in __init__
    raise TemplateSyntaxError(
django.template.exceptions.TemplateSyntaxError: Could not parse the remainder: '(',')' from 'modelo.emails.split(',')'
"GET /aplicacao/exibe_modelo/2/ HTTP/1.1" 500 231204
"GET /aplicacao/exibe_modelo/2/ HTTP/1.1" 200 17450
Not Found: /aplicacao/exibe_modelo/2/{{ CAMINHO2 }}
"GET /aplicacao/exibe_modelo/2/%7B%7B%20CAMINHO2%20%7D%7D HTTP/1.1" 404 5100
Not Found: /aplicacao/exibe_modelo/2/{{ CAMINHO1 }}
"GET /aplicacao/exibe_modelo/2/%7B%7B%20CAMINHO1%20%7D%7D HTTP/1.1" 404 5100
"GET /aplicacao/modelos HTTP/1.1" 200 10266
"GET /aplicacao/edita_modelo/2/ HTTP/1.1" 200 21035
C:\Users\igor.oliveira\Desktop\novoSinc\aplicacao\views.py changed, reloading.
Watching for file changes with StatReloader
"GET /aplicacao/ HTTP/1.1" 200 7730
"GET /aplicacao/relatorio_proximas HTTP/1.1" 200 8370
"POST /aplicacao/relatorio_proximas HTTP/1.1" 200 8370
"GET /aplicacao/historico_logins HTTP/1.1" 200 96811
"GET /aplicacao/historico_logins HTTP/1.1" 200 6350
"GET /aplicacao/sobre HTTP/1.1" 200 6337
"GET /aplicacao/modelos HTTP/1.1" 200 10266
"GET /aplicacao/ HTTP/1.1" 200 7730
C:\Users\igor.oliveira\Desktop\novoSinc\aplicacao\views.py changed, reloading.
Watching for file changes with StatReloader
"GET /aplicacao/modelos HTTP/1.1" 200 10266
C:\Users\igor.oliveira\Desktop\novoSinc\aplicacao\emails.py changed, reloading.
Watching for file changes with StatReloader
"GET /aplicacao/ HTTP/1.1" 200 7730
C:\Users\igor.oliveira\Desktop\novoSinc\aplicacao\queries.py changed, reloading.
Watching for file changes with StatReloader
C:\Users\igor.oliveira\Desktop\novoSinc\aplicacao\emails.py changed, reloading.
Watching for file changes with StatReloader
Watching for file changes with StatReloader
"GET /aplicacao/ HTTP/1.1" 200 7730
"GET /aplicacao/teste_envio_proximas HTTP/1.1" 200 48047
"GET /aplicacao/modelos HTTP/1.1" 200 10266
C:\Users\igor.oliveira\Desktop\novoSinc\aplicacao\emails.py changed, reloading.
Watching for file changes with StatReloader
C:\Users\igor.oliveira\Desktop\novoSinc\aplicacao\emails.py changed, reloading.
Watching for file changes with StatReloader
Watching for file changes with StatReloader
"GET / HTTP/1.1" 200 5066
"GET /static/css/styles.css HTTP/1.1" 200 7897
"GET /static/js/datatables_portugues.js HTTP/1.1" 200 867
"GET /static/images/copergas-sinc-sf.png HTTP/1.1" 200 46814
"GET /static/images/fundo-coper.jpg HTTP/1.1" 200 791979
"GET /static/favicon-16x16.png HTTP/1.1" 200 720
"GET /static/apple-touch-icon.png HTTP/1.1" 200 14801
"POST / HTTP/1.1" 200 7724
"GET /aplicacao/modelos HTTP/1.1" 200 10266
"GET /aplicacao/edita_modelo/2/ HTTP/1.1" 200 21035
"GET /aplicacao/modelos HTTP/1.1" 200 10266
"GET /aplicacao/historico_logins HTTP/1.1" 200 8359
"GET /aplicacao/logout HTTP/1.1" 302 0
"GET / HTTP/1.1" 200 5066
